 INFO 2021-12-17 21:16:41 (AsyncConfig.java:17) - Creating Async Task Executor
 INFO 2021-12-17 21:16:42 (UpdateVdSourceScheduleEventListener.java:34) - EN0Z36G98S634MH::=============== Start UpdateVdSourceScheduleEventListener ==================
 INFO 2021-12-17 21:16:42 (UpdateVdSourceScheduleEventListener.java:48) - EN0Z36G98S634MH::Request Inquiry Info :{"schedule":"2021-12-17","scheduleYN":"Y","status":"500"}
 INFO 2021-12-17 21:16:42 (UpdateVdSourceScheduleEventListener.java:50) - EN0Z36G98S634MH::Response Inquiry Info :[]
 INFO 2021-12-17 21:17:42 (UpdateVdSourceScheduleEventListener.java:34) - EN0Z36G98S634MH::=============== Start UpdateVdSourceScheduleEventListener ==================
 INFO 2021-12-17 21:17:42 (UpdateVdSourceScheduleEventListener.java:48) - EN0Z36G98S634MH::Request Inquiry Info :{"schedule":"2021-12-17","scheduleYN":"Y","status":"500"}
 INFO 2021-12-17 21:17:42 (UpdateVdSourceScheduleEventListener.java:50) - EN0Z36G98S634MH::Response Inquiry Info :[]
 INFO 2021-12-17 21:18:42 (UpdateVdSourceScheduleEventListener.java:34) - EN0Z36G98S634MH::=============== Start UpdateVdSourceScheduleEventListener ==================
 INFO 2021-12-17 21:18:42 (UpdateVdSourceScheduleEventListener.java:48) - EN0Z36G98S634MH::Request Inquiry Info :{"schedule":"2021-12-17","scheduleYN":"Y","status":"500"}
 INFO 2021-12-17 21:18:42 (UpdateVdSourceScheduleEventListener.java:50) - EN0Z36G98S634MH::Response Inquiry Info :[]
 INFO 2021-12-17 21:19:37 (DefaultAuthenticationProvider.java:36) - ============== Start Authorization ===============
 INFO 2021-12-17 21:19:37 (DefaultAuthenticationProvider.java:40) - ============== Authentication Data :{"authorities":[],"details":{"grant_type":"password","client_id":"spring-security-oauth2-read-write-client","deviceInfo":"O9pdj5FGaCn5AWMBFy0S9xgL9tvkQpzHWKJ+pfrIj33II5yAZo2rBnHyjYRhBFsh76OHFOG7MSTC66J0P5SscDmF9CKxYoSuCWIUmhsmv9ER20jJ+MGejayObYF/f2ROO8YTxAQNMT8asLOmUNivQOInyZhGjTBDCrhNmJXOoTIsLblXe67sTAJVdaSiAnuD5znpbqP1nPpvU2ViRliyj6B0pufES0Yw/ejdD84tJSU9HHHfUst8ZgGS+Rw8IdiIS6+tNTbpej2FjSFAEefQxCVSk75noVpktpgQ6gTMOgaWGA0OD+/fOkR+oZRIyNj1yClpQTnmToYAb5J0CNwCiZfGIUovYd8VQph/4KRxjLwUMHCKyz1N666KbZQMDG0GSQUiuqM8xHxrtVqVZYPOgsTty6W79EnDR/3iWVxwdOHgkS50XMnp6EWUfKj/ldOX","username":"obTEUoNa+7ZkNMbhWUtbVQ=="},"authenticated":false,"principal":"obTEUoNa+7ZkNMbhWUtbVQ==","credentials":"0wk8YjfuvQsvExhtZ0b/Xg==","name":"obTEUoNa+7ZkNMbhWUtbVQ=="}
 INFO 2021-12-17 21:19:37 (DefaultAuthenticationProviderService.java:49) - authenticate login
 INFO 2021-12-17 21:19:37 (DefaultAuthenticationProviderService.java:65) - removeToken
 INFO 2021-12-17 21:19:37 (HistoryUserLoginEventListener.java:26) - ================== Start Listener Keep Device Info ===============
 INFO 2021-12-17 21:19:37 (HistoryUserLoginEventListener.java:43) - device info:{"id":7,"userAgent":"Mozilla/5.0 (Windows NT 10.0; Win64; x64) AppleWebKit/537.36 (KHTML, like Gecko) Chrome/96.0.4664.93 Safari/537.36","os":"Windows","device":"Unknown","browser":"Chrome","osVersion":"windows-10","deviceType":"desktop","browserVersion":"96.0.4664.93","orientation":"landscape","networkIP":null,"userName":"admin@gmail.com","date":"20211217 09:19:37"}
 INFO 2021-12-17 21:19:37 (DefaultAuthenticationProvider.java:59) - User Info object: {"id":1,"username":"admin@gmail.com","password":"$2a$10$s6KZ/OmEPClG0dq78GDaO.Fc47yKTaQuYyjSWJziipqd3IzBlOMyK","accountExpired":false,"accountLocked":false,"credentialsExpired":false,"enabled":true,"authorities":[{"id":1,"name":"User_Read"},{"id":2,"name":"User_Create"},{"id":3,"name":"User_Update"},{"id":4,"name":"User_Delete"},{"id":5,"name":"Movie_Read"},{"id":6,"name":"Movie_Create"},{"id":7,"name":"Movie_Update"},{"id":8,"name":"Movie_Delete"},{"id":9,"name":"Movie_Source_Read"},{"id":10,"name":"Movie_Source_Create"},{"id":11,"name":"Movie_Source_Update"},{"id":12,"name":"Movie_Source_Delete"},{"id":13,"name":"Setting_Movie_Type_Read"},{"id":14,"name":"Setting_Movie_Type_Create"},{"id":15,"name":"Setting_Movie_Type_Update"},{"id":16,"name":"Setting_Movie_Type_Delete"},{"id":17,"name":"Setting_Sub_Movie_Type_Read"},{"id":18,"name":"Setting_Sub_Movie_Type_Create"},{"id":19,"name":"Setting_Sub_Movie_Type_Update"},{"id":20,"name":"Setting_Sub_Movie_Type_Delete"},{"id":21,"name":"Setting_Client_Setting_Read"},{"id":22,"name":"Setting_Client_Setting_Create"},{"id":23,"name":"Setting_Client_Setting_Update"},{"id":24,"name":"Setting_Client_Setting_Delete"}]}
 INFO 2021-12-17 21:19:37 (DefaultAuthenticationProvider.java:100) - Apply keep login success
 INFO 2021-12-17 21:19:37 (DefaultAuthenticationProvider.java:107) - ============== End Authorization ===============>>>>>>>>>>>>

 INFO 2021-12-17 21:19:38 (UserRest.java:160) - 45K4G3Q9R2ZIL2::============= Start Load User By User Name ============
 INFO 2021-12-17 21:19:38 (UserRest.java:168) - {"userName":"admin@gmail.com"}
 INFO 2021-12-17 21:19:38 (UserRest.java:174) - User Info :{"id":1,"username":"admin@gmail.com","phoneNumber":"0987777777","fullName":"Testing","accountExpired":false,"accountLocked":false,"credentialsExpired":false,"enabled":true,"authorities":[{"id":1,"name":"User_Read"},{"id":2,"name":"User_Create"},{"id":3,"name":"User_Update"},{"id":4,"name":"User_Delete"},{"id":5,"name":"Movie_Read"},{"id":6,"name":"Movie_Create"},{"id":7,"name":"Movie_Update"},{"id":8,"name":"Movie_Delete"},{"id":9,"name":"Movie_Source_Read"},{"id":10,"name":"Movie_Source_Create"},{"id":11,"name":"Movie_Source_Update"},{"id":12,"name":"Movie_Source_Delete"},{"id":13,"name":"Setting_Movie_Type_Read"},{"id":14,"name":"Setting_Movie_Type_Create"},{"id":15,"name":"Setting_Movie_Type_Update"},{"id":16,"name":"Setting_Movie_Type_Delete"},{"id":17,"name":"Setting_Sub_Movie_Type_Read"},{"id":18,"name":"Setting_Sub_Movie_Type_Create"},{"id":19,"name":"Setting_Sub_Movie_Type_Update"},{"id":20,"name":"Setting_Sub_Movie_Type_Delete"},{"id":21,"name":"Setting_Client_Setting_Read"},{"id":22,"name":"Setting_Client_Setting_Create"},{"id":23,"name":"Setting_Client_Setting_Update"},{"id":24,"name":"Setting_Client_Setting_Delete"}]}
 INFO 2021-12-17 21:19:38 (BotAspect.java:37) - BotAspect afterExecute{"result":{"responseCode":"200","responseMessage":"Success"},"body":{"id":1,"username":"admin@gmail.com","phoneNumber":"0987777777","fullName":"Testing","accountExpired":false,"accountLocked":false,"credentialsExpired":false,"enabled":true,"authorities":[{"id":1,"name":"User_Read"},{"id":2,"name":"User_Create"},{"id":3,"name":"User_Update"},{"id":4,"name":"User_Delete"},{"id":5,"name":"Movie_Read"},{"id":6,"name":"Movie_Create"},{"id":7,"name":"Movie_Update"},{"id":8,"name":"Movie_Delete"},{"id":9,"name":"Movie_Source_Read"},{"id":10,"name":"Movie_Source_Create"},{"id":11,"name":"Movie_Source_Update"},{"id":12,"name":"Movie_Source_Delete"},{"id":13,"name":"Setting_Movie_Type_Read"},{"id":14,"name":"Setting_Movie_Type_Create"},{"id":15,"name":"Setting_Movie_Type_Update"},{"id":16,"name":"Setting_Movie_Type_Delete"},{"id":17,"name":"Setting_Sub_Movie_Type_Read"},{"id":18,"name":"Setting_Sub_Movie_Type_Create"},{"id":19,"name":"Setting_Sub_Movie_Type_Update"},{"id":20,"name":"Setting_Sub_Movie_Type_Delete"},{"id":21,"name":"Setting_Client_Setting_Read"},{"id":22,"name":"Setting_Client_Setting_Create"},{"id":23,"name":"Setting_Client_Setting_Update"},{"id":24,"name":"Setting_Client_Setting_Delete"}]}}
 INFO 2021-12-17 21:19:38 (VideoRest.java:123) - WA6FO484T2C3EK::============= Start VideoRest Read ============
 INFO 2021-12-17 21:19:38 (VideoRest.java:147) - Movie Type Rest Read Response Http Client Data :{"result":{"responseCode":"200","responseMessage":"Success"},"body":[{"id":19,"vdName":"រិទ្ធិសែននាងកង្រី","resourceId":110,"remark":"","status":"200","vdTypeId":1,"vdSubTypeId":1,"vdTypeName":"Khmer","vdSubTypeName":"Drama"},{"id":17,"vdName":"មរណៈមាតា","resourceId":108,"remark":"","status":"200","vdTypeId":1,"vdSubTypeId":1,"vdTypeName":"Khmer","vdSubTypeName":"Drama"},{"id":16,"vdName":"ព្រះថោងនាងនាគ","resourceId":107,"remark":"","status":"200","vdTypeId":1,"vdSubTypeId":1,"vdTypeName":"Khmer","vdSubTypeName":"Drama"},{"id":15,"vdName":"និស្ស័យស្នេហ៍ទេវតាបីជាតិ","resourceId":106,"remark":"","status":"200","vdTypeId":4,"vdSubTypeId":1,"vdTypeName":"Korean","vdSubTypeName":"Drama"},{"id":13,"vdName":"ទុំទាវ","resourceId":104,"remark":"","status":"200","vdTypeId":1,"vdSubTypeId":1,"vdTypeName":"Khmer","vdSubTypeName":"Drama"},{"id":11,"vdName":"កូនកត្តញ្ញូ","resourceId":102,"remark":"","status":"200","vdTypeId":1,"vdSubTypeId":1,"vdTypeName":"Khmer","vdSubTypeName":"Drama"},{"id":10,"vdName":"Hello","resourceId":82,"remark":"","status":"200","vdTypeId":6,"vdSubTypeId":2,"vdTypeName":"HoliyFood","vdSubTypeName":"Movie"},{"id":6,"vdName":"Flutter","resourceId":26,"remark":"Flutter","status":"200","vdTypeId":5,"vdSubTypeId":2,"vdTypeName":"India","vdSubTypeName":"Movie"},{"id":5,"vdName":"Bomnol Chorb Sneh","resourceId":9,"remark":"Bomnol Chorb Sneh","status":"200","vdTypeId":4,"vdSubTypeId":2,"vdTypeName":"Korean","vdSubTypeName":"Movie"},{"id":4,"vdName":"Lung Sne Chong Pov Bosaba​","resourceId":8,"remark":"Lung Sne Chong Pov Bosaba​","status":"200","vdTypeId":4,"vdSubTypeId":1,"vdTypeName":"Korean","vdSubTypeName":"Drama"},{"id":3,"vdName":"Yuthsil Nak ","resourceId":12,"remark":"Klahan Jojork Reatrey","status":"200","vdTypeId":4,"vdSubTypeId":1,"vdTypeName":"Korean","vdSubTypeName":"Drama"},{"id":1,"vdName":"Boot Security","status":"200","vdTypeId":4,"vdSubTypeId":2,"vdTypeName":"Korean","vdSubTypeName":"Movie"}]}
ERROR 2021-12-17 21:19:38 (ImageReaderRest.java:76) - 07FXXRBZQMR0O1::error read image
java.io.FileNotFoundException: D:\my-vd\uploads\images\1ae3ab0b-861f-41a8-b850-d980d9651e58-Bomnol-Chorb-Sneh.png (The system cannot find the file specified)
	at java.io.FileInputStream.open0(Native Method)
	at java.io.FileInputStream.open(FileInputStream.java:195)
	at java.io.FileInputStream.<init>(FileInputStream.java:138)
	at com.evideo.evideobackend.unsecur.rest.ImageReaderRest.resourcesImage(ImageReaderRest.java:58)
	at sun.reflect.NativeMethodAccessorImpl.invoke0(Native Method)
	at sun.reflect.NativeMethodAccessorImpl.invoke(NativeMethodAccessorImpl.java:62)
	at sun.reflect.DelegatingMethodAccessorImpl.invoke(DelegatingMethodAccessorImpl.java:43)
	at java.lang.reflect.Method.invoke(Method.java:498)
	at org.springframework.web.method.support.InvocableHandlerMethod.doInvoke(InvocableHandlerMethod.java:197)
	at org.springframework.web.method.support.InvocableHandlerMethod.invokeForRequest(InvocableHandlerMethod.java:141)
	at org.springframework.web.servlet.mvc.method.annotation.ServletInvocableHandlerMethod.invokeAndHandle(ServletInvocableHandlerMethod.java:106)
	at org.springframework.web.servlet.mvc.method.annotation.RequestMappingHandlerAdapter.invokeHandlerMethod(RequestMappingHandlerAdapter.java:895)
	at org.springframework.web.servlet.mvc.method.annotation.RequestMappingHandlerAdapter.handleInternal(RequestMappingHandlerAdapter.java:808)
	at org.springframework.web.servlet.mvc.method.AbstractHandlerMethodAdapter.handle(AbstractHandlerMethodAdapter.java:87)
	at org.springframework.web.servlet.DispatcherServlet.doDispatch(DispatcherServlet.java:1064)
	at org.springframework.web.servlet.DispatcherServlet.doService(DispatcherServlet.java:963)
	at org.springframework.web.servlet.FrameworkServlet.processRequest(FrameworkServlet.java:1006)
	at org.springframework.web.servlet.FrameworkServlet.doGet(FrameworkServlet.java:898)
	at javax.servlet.http.HttpServlet.service(HttpServlet.java:655)
	at org.springframework.web.servlet.FrameworkServlet.service(FrameworkServlet.java:883)
	at javax.servlet.http.HttpServlet.service(HttpServlet.java:764)
	at org.apache.catalina.core.ApplicationFilterChain.internalDoFilter(ApplicationFilterChain.java:227)
	at org.apache.catalina.core.ApplicationFilterChain.doFilter(ApplicationFilterChain.java:162)
	at org.apache.tomcat.websocket.server.WsFilter.doFilter(WsFilter.java:53)
	at org.apache.catalina.core.ApplicationFilterChain.internalDoFilter(ApplicationFilterChain.java:189)
	at org.apache.catalina.core.ApplicationFilterChain.doFilter(ApplicationFilterChain.java:162)
	at org.springframework.security.web.FilterChainProxy$VirtualFilterChain.doFilter(FilterChainProxy.java:320)
	at org.springframework.security.web.access.intercept.FilterSecurityInterceptor.invoke(FilterSecurityInterceptor.java:126)
	at org.springframework.security.web.access.intercept.FilterSecurityInterceptor.doFilter(FilterSecurityInterceptor.java:90)
	at org.springframework.security.web.FilterChainProxy$VirtualFilterChain.doFilter(FilterChainProxy.java:334)
	at org.springframework.security.web.access.ExceptionTranslationFilter.doFilter(ExceptionTranslationFilter.java:118)
	at org.springframework.security.web.FilterChainProxy$VirtualFilterChain.doFilter(FilterChainProxy.java:334)
	at org.springframework.security.web.session.SessionManagementFilter.doFilter(SessionManagementFilter.java:137)
	at org.springframework.security.web.FilterChainProxy$VirtualFilterChain.doFilter(FilterChainProxy.java:334)
	at org.springframework.security.web.authentication.AnonymousAuthenticationFilter.doFilter(AnonymousAuthenticationFilter.java:111)
	at org.springframework.security.web.FilterChainProxy$VirtualFilterChain.doFilter(FilterChainProxy.java:334)
	at org.springframework.security.web.servletapi.SecurityContextHolderAwareRequestFilter.doFilter(SecurityContextHolderAwareRequestFilter.java:158)
	at org.springframework.security.web.FilterChainProxy$VirtualFilterChain.doFilter(FilterChainProxy.java:334)
	at org.springframework.security.web.savedrequest.RequestCacheAwareFilter.doFilter(RequestCacheAwareFilter.java:63)
	at org.springframework.security.web.FilterChainProxy$VirtualFilterChain.doFilter(FilterChainProxy.java:334)
	at org.springframework.security.oauth2.provider.authentication.OAuth2AuthenticationProcessingFilter.doFilter(OAuth2AuthenticationProcessingFilter.java:182)
	at org.springframework.security.web.FilterChainProxy$VirtualFilterChain.doFilter(FilterChainProxy.java:334)
	at org.springframework.security.web.authentication.logout.LogoutFilter.doFilter(LogoutFilter.java:116)
	at org.springframework.security.web.FilterChainProxy$VirtualFilterChain.doFilter(FilterChainProxy.java:334)
	at org.springframework.security.web.header.HeaderWriterFilter.doHeadersAfter(HeaderWriterFilter.java:92)
	at org.springframework.security.web.header.HeaderWriterFilter.doFilterInternal(HeaderWriterFilter.java:77)
	at org.springframework.web.filter.OncePerRequestFilter.doFilter(OncePerRequestFilter.java:119)
	at org.springframework.security.web.FilterChainProxy$VirtualFilterChain.doFilter(FilterChainProxy.java:334)
	at org.springframework.security.web.context.SecurityContextPersistenceFilter.doFilter(SecurityContextPersistenceFilter.java:105)
	at org.springframework.security.web.FilterChainProxy$VirtualFilterChain.doFilter(FilterChainProxy.java:334)
	at org.springframework.security.web.context.request.async.WebAsyncManagerIntegrationFilter.doFilterInternal(WebAsyncManagerIntegrationFilter.java:56)
	at org.springframework.web.filter.OncePerRequestFilter.doFilter(OncePerRequestFilter.java:119)
	at org.springframework.security.web.FilterChainProxy$VirtualFilterChain.doFilter(FilterChainProxy.java:334)
	at org.springframework.security.web.FilterChainProxy.doFilterInternal(FilterChainProxy.java:215)
	at org.springframework.security.web.FilterChainProxy.doFilter(FilterChainProxy.java:178)
	at org.springframework.web.filter.DelegatingFilterProxy.invokeDelegate(DelegatingFilterProxy.java:358)
	at org.springframework.web.filter.DelegatingFilterProxy.doFilter(DelegatingFilterProxy.java:271)
	at org.apache.catalina.core.ApplicationFilterChain.internalDoFilter(ApplicationFilterChain.java:189)
	at org.apache.catalina.core.ApplicationFilterChain.doFilter(ApplicationFilterChain.java:162)
	at org.springframework.web.filter.RequestContextFilter.doFilterInternal(RequestContextFilter.java:100)
	at org.springframework.web.filter.OncePerRequestFilter.doFilter(OncePerRequestFilter.java:119)
	at org.apache.catalina.core.ApplicationFilterChain.internalDoFilter(ApplicationFilterChain.java:189)
	at org.apache.catalina.core.ApplicationFilterChain.doFilter(ApplicationFilterChain.java:162)
	at org.springframework.web.filter.FormContentFilter.doFilterInternal(FormContentFilter.java:93)
	at org.springframework.web.filter.OncePerRequestFilter.doFilter(OncePerRequestFilter.java:119)
	at org.apache.catalina.core.ApplicationFilterChain.internalDoFilter(ApplicationFilterChain.java:189)
	at org.apache.catalina.core.ApplicationFilterChain.doFilter(ApplicationFilterChain.java:162)
	at org.springframework.boot.actuate.metrics.web.servlet.WebMvcMetricsFilter.doFilterInternal(WebMvcMetricsFilter.java:96)
	at org.springframework.web.filter.OncePerRequestFilter.doFilter(OncePerRequestFilter.java:119)
	at org.apache.catalina.core.ApplicationFilterChain.internalDoFilter(ApplicationFilterChain.java:189)
	at org.apache.catalina.core.ApplicationFilterChain.doFilter(ApplicationFilterChain.java:162)
	at org.springframework.web.filter.CharacterEncodingFilter.doFilterInternal(CharacterEncodingFilter.java:201)
	at org.springframework.web.filter.OncePerRequestFilter.doFilter(OncePerRequestFilter.java:119)
	at org.apache.catalina.core.ApplicationFilterChain.internalDoFilter(ApplicationFilterChain.java:189)
	at org.apache.catalina.core.ApplicationFilterChain.doFilter(ApplicationFilterChain.java:162)
	at com.evideo.evideobackend.core.config.corsFilter.DoCorsFilterWebMvcConfiguration$CorsFilter.doFilter(DoCorsFilterWebMvcConfiguration.java:41)
	at org.apache.catalina.core.ApplicationFilterChain.internalDoFilter(ApplicationFilterChain.java:189)
	at org.apache.catalina.core.ApplicationFilterChain.doFilter(ApplicationFilterChain.java:162)
	at org.apache.catalina.core.StandardWrapperValve.invoke(StandardWrapperValve.java:197)
	at org.apache.catalina.core.StandardContextValve.invoke(StandardContextValve.java:97)
	at org.apache.catalina.authenticator.AuthenticatorBase.invoke(AuthenticatorBase.java:542)
	at org.apache.catalina.core.StandardHostValve.invoke(StandardHostValve.java:135)
	at org.apache.catalina.valves.ErrorReportValve.invoke(ErrorReportValve.java:92)
	at org.apache.catalina.core.StandardEngineValve.invoke(StandardEngineValve.java:78)
	at org.apache.catalina.connector.CoyoteAdapter.service(CoyoteAdapter.java:357)
	at org.apache.coyote.http11.Http11Processor.service(Http11Processor.java:382)
	at org.apache.coyote.AbstractProcessorLight.process(AbstractProcessorLight.java:65)
	at org.apache.coyote.AbstractProtocol$ConnectionHandler.process(AbstractProtocol.java:893)
	at org.apache.tomcat.util.net.NioEndpoint$SocketProcessor.doRun(NioEndpoint.java:1726)
	at org.apache.tomcat.util.net.SocketProcessorBase.run(SocketProcessorBase.java:49)
	at org.apache.tomcat.util.threads.ThreadPoolExecutor.runWorker(ThreadPoolExecutor.java:1191)
	at org.apache.tomcat.util.threads.ThreadPoolExecutor$Worker.run(ThreadPoolExecutor.java:659)
	at org.apache.tomcat.util.threads.TaskThread$WrappingRunnable.run(TaskThread.java:61)
	at java.lang.Thread.run(Thread.java:748)
 INFO 2021-12-17 21:19:42 (UpdateVdSourceScheduleEventListener.java:34) - EN0Z36G98S634MH::=============== Start UpdateVdSourceScheduleEventListener ==================
 INFO 2021-12-17 21:19:42 (UpdateVdSourceScheduleEventListener.java:48) - EN0Z36G98S634MH::Request Inquiry Info :{"schedule":"2021-12-17","scheduleYN":"Y","status":"500"}
 INFO 2021-12-17 21:19:42 (UpdateVdSourceScheduleEventListener.java:50) - EN0Z36G98S634MH::Response Inquiry Info :[]
 INFO 2021-12-17 21:20:39 (AsyncConfig.java:17) - Creating Async Task Executor
 INFO 2021-12-17 21:20:40 (UpdateVdSourceScheduleEventListener.java:34) - D3CGA3UH7UCGZA8::=============== Start UpdateVdSourceScheduleEventListener ==================
 INFO 2021-12-17 21:20:40 (UpdateVdSourceScheduleEventListener.java:48) - D3CGA3UH7UCGZA8::Request Inquiry Info :{"schedule":"2021-12-17","scheduleYN":"Y","status":"500"}
 INFO 2021-12-17 21:20:40 (UpdateVdSourceScheduleEventListener.java:50) - D3CGA3UH7UCGZA8::Response Inquiry Info :[]
 INFO 2021-12-17 21:21:37 (AsyncConfig.java:17) - Creating Async Task Executor
 INFO 2021-12-17 21:21:39 (UpdateVdSourceScheduleEventListener.java:34) - FSSEH36D67XXV::=============== Start UpdateVdSourceScheduleEventListener ==================
 INFO 2021-12-17 21:21:39 (UpdateVdSourceScheduleEventListener.java:48) - FSSEH36D67XXV::Request Inquiry Info :{"schedule":"2021-12-17","scheduleYN":"Y","status":"500"}
 INFO 2021-12-17 21:21:39 (UpdateVdSourceScheduleEventListener.java:50) - FSSEH36D67XXV::Response Inquiry Info :[]
 INFO 2021-12-17 21:22:41 (AsyncConfig.java:17) - Creating Async Task Executor
 INFO 2021-12-17 21:22:42 (UpdateVdSourceScheduleEventListener.java:34) - 210HJSL1083A9Q::=============== Start UpdateVdSourceScheduleEventListener ==================
 INFO 2021-12-17 21:22:42 (UpdateVdSourceScheduleEventListener.java:48) - 210HJSL1083A9Q::Request Inquiry Info :{"schedule":"2021-12-17","scheduleYN":"Y","status":"500"}
 INFO 2021-12-17 21:22:42 (UpdateVdSourceScheduleEventListener.java:50) - 210HJSL1083A9Q::Response Inquiry Info :[]
 INFO 2021-12-17 21:23:42 (UpdateVdSourceScheduleEventListener.java:34) - 210HJSL1083A9Q::=============== Start UpdateVdSourceScheduleEventListener ==================
 INFO 2021-12-17 21:23:42 (UpdateVdSourceScheduleEventListener.java:48) - 210HJSL1083A9Q::Request Inquiry Info :{"schedule":"2021-12-17","scheduleYN":"Y","status":"500"}
 INFO 2021-12-17 21:23:42 (UpdateVdSourceScheduleEventListener.java:50) - 210HJSL1083A9Q::Response Inquiry Info :[]
 INFO 2021-12-17 21:24:42 (UpdateVdSourceScheduleEventListener.java:34) - 210HJSL1083A9Q::=============== Start UpdateVdSourceScheduleEventListener ==================
 INFO 2021-12-17 21:24:42 (UpdateVdSourceScheduleEventListener.java:48) - 210HJSL1083A9Q::Request Inquiry Info :{"schedule":"2021-12-17","scheduleYN":"Y","status":"500"}
 INFO 2021-12-17 21:24:42 (UpdateVdSourceScheduleEventListener.java:50) - 210HJSL1083A9Q::Response Inquiry Info :[]
 INFO 2021-12-17 21:25:42 (UpdateVdSourceScheduleEventListener.java:34) - 210HJSL1083A9Q::=============== Start UpdateVdSourceScheduleEventListener ==================
 INFO 2021-12-17 21:25:42 (UpdateVdSourceScheduleEventListener.java:48) - 210HJSL1083A9Q::Request Inquiry Info :{"schedule":"2021-12-17","scheduleYN":"Y","status":"500"}
 INFO 2021-12-17 21:25:42 (UpdateVdSourceScheduleEventListener.java:50) - 210HJSL1083A9Q::Response Inquiry Info :[]
 INFO 2021-12-17 21:26:42 (UpdateVdSourceScheduleEventListener.java:34) - 210HJSL1083A9Q::=============== Start UpdateVdSourceScheduleEventListener ==================
 INFO 2021-12-17 21:26:42 (UpdateVdSourceScheduleEventListener.java:48) - 210HJSL1083A9Q::Request Inquiry Info :{"schedule":"2021-12-17","scheduleYN":"Y","status":"500"}
 INFO 2021-12-17 21:26:42 (UpdateVdSourceScheduleEventListener.java:50) - 210HJSL1083A9Q::Response Inquiry Info :[]
 INFO 2021-12-17 21:27:42 (UpdateVdSourceScheduleEventListener.java:34) - 210HJSL1083A9Q::=============== Start UpdateVdSourceScheduleEventListener ==================
 INFO 2021-12-17 21:27:42 (UpdateVdSourceScheduleEventListener.java:48) - 210HJSL1083A9Q::Request Inquiry Info :{"schedule":"2021-12-17","scheduleYN":"Y","status":"500"}
 INFO 2021-12-17 21:27:42 (UpdateVdSourceScheduleEventListener.java:50) - 210HJSL1083A9Q::Response Inquiry Info :[]
 INFO 2021-12-17 21:28:42 (UpdateVdSourceScheduleEventListener.java:34) - 210HJSL1083A9Q::=============== Start UpdateVdSourceScheduleEventListener ==================
 INFO 2021-12-17 21:28:42 (UpdateVdSourceScheduleEventListener.java:48) - 210HJSL1083A9Q::Request Inquiry Info :{"schedule":"2021-12-17","scheduleYN":"Y","status":"500"}
 INFO 2021-12-17 21:28:42 (UpdateVdSourceScheduleEventListener.java:50) - 210HJSL1083A9Q::Response Inquiry Info :[]
 INFO 2021-12-17 21:29:42 (UpdateVdSourceScheduleEventListener.java:34) - 210HJSL1083A9Q::=============== Start UpdateVdSourceScheduleEventListener ==================
 INFO 2021-12-17 21:29:42 (UpdateVdSourceScheduleEventListener.java:48) - 210HJSL1083A9Q::Request Inquiry Info :{"schedule":"2021-12-17","scheduleYN":"Y","status":"500"}
 INFO 2021-12-17 21:29:42 (UpdateVdSourceScheduleEventListener.java:50) - 210HJSL1083A9Q::Response Inquiry Info :[]
 INFO 2021-12-17 21:30:25 (AsyncConfig.java:17) - Creating Async Task Executor
 INFO 2021-12-17 21:30:26 (UpdateVdSourceScheduleEventListener.java:34) - 417K1CM9A0WSSE::=============== Start UpdateVdSourceScheduleEventListener ==================
 INFO 2021-12-17 21:30:26 (UpdateVdSourceScheduleEventListener.java:48) - 417K1CM9A0WSSE::Request Inquiry Info :{"schedule":"2021-12-17","scheduleYN":"Y","status":"500"}
 INFO 2021-12-17 21:30:26 (UpdateVdSourceScheduleEventListener.java:50) - 417K1CM9A0WSSE::Response Inquiry Info :[]
 INFO 2021-12-17 21:30:49 (AsyncConfig.java:17) - Creating Async Task Executor
 INFO 2021-12-17 21:30:50 (UpdateVdSourceScheduleEventListener.java:34) - JTID0B8BNADQD70::=============== Start UpdateVdSourceScheduleEventListener ==================
 INFO 2021-12-17 21:30:50 (UpdateVdSourceScheduleEventListener.java:48) - JTID0B8BNADQD70::Request Inquiry Info :{"schedule":"2021-12-17","scheduleYN":"Y","status":"500"}
 INFO 2021-12-17 21:30:50 (UpdateVdSourceScheduleEventListener.java:50) - JTID0B8BNADQD70::Response Inquiry Info :[]
 INFO 2021-12-17 21:31:29 (AsyncConfig.java:17) - Creating Async Task Executor
 INFO 2021-12-17 21:31:30 (UpdateVdSourceScheduleEventListener.java:34) - TACT1OAFX18HAX::=============== Start UpdateVdSourceScheduleEventListener ==================
 INFO 2021-12-17 21:31:30 (UpdateVdSourceScheduleEventListener.java:48) - TACT1OAFX18HAX::Request Inquiry Info :{"schedule":"2021-12-17","scheduleYN":"Y","status":"500"}
 INFO 2021-12-17 21:31:30 (UpdateVdSourceScheduleEventListener.java:50) - TACT1OAFX18HAX::Response Inquiry Info :[]
 INFO 2021-12-17 21:32:30 (UpdateVdSourceScheduleEventListener.java:34) - TACT1OAFX18HAX::=============== Start UpdateVdSourceScheduleEventListener ==================
 INFO 2021-12-17 21:32:30 (UpdateVdSourceScheduleEventListener.java:48) - TACT1OAFX18HAX::Request Inquiry Info :{"schedule":"2021-12-17","scheduleYN":"Y","status":"500"}
 INFO 2021-12-17 21:32:30 (UpdateVdSourceScheduleEventListener.java:50) - TACT1OAFX18HAX::Response Inquiry Info :[]
 INFO 2021-12-17 21:50:38 (AsyncConfig.java:17) - Creating Async Task Executor
 INFO 2021-12-17 21:50:39 (UpdateVdSourceScheduleEventListener.java:34) - 2KSOC97S7P5XN2::=============== Start UpdateVdSourceScheduleEventListener ==================
 INFO 2021-12-17 21:50:39 (UpdateVdSourceScheduleEventListener.java:48) - 2KSOC97S7P5XN2::Request Inquiry Info :{"schedule":"2021-12-17","scheduleYN":"Y","status":"500"}
 INFO 2021-12-17 21:50:39 (UpdateVdSourceScheduleEventListener.java:50) - 2KSOC97S7P5XN2::Response Inquiry Info :[]
 INFO 2021-12-17 21:51:39 (UpdateVdSourceScheduleEventListener.java:34) - 2KSOC97S7P5XN2::=============== Start UpdateVdSourceScheduleEventListener ==================
 INFO 2021-12-17 21:51:39 (UpdateVdSourceScheduleEventListener.java:48) - 2KSOC97S7P5XN2::Request Inquiry Info :{"schedule":"2021-12-17","scheduleYN":"Y","status":"500"}
 INFO 2021-12-17 21:51:39 (UpdateVdSourceScheduleEventListener.java:50) - 2KSOC97S7P5XN2::Response Inquiry Info :[]
 INFO 2021-12-17 21:52:39 (UpdateVdSourceScheduleEventListener.java:34) - 2KSOC97S7P5XN2::=============== Start UpdateVdSourceScheduleEventListener ==================
 INFO 2021-12-17 21:52:39 (UpdateVdSourceScheduleEventListener.java:48) - 2KSOC97S7P5XN2::Request Inquiry Info :{"schedule":"2021-12-17","scheduleYN":"Y","status":"500"}
 INFO 2021-12-17 21:52:39 (UpdateVdSourceScheduleEventListener.java:50) - 2KSOC97S7P5XN2::Response Inquiry Info :[]
 INFO 2021-12-17 21:53:39 (UpdateVdSourceScheduleEventListener.java:34) - 2KSOC97S7P5XN2::=============== Start UpdateVdSourceScheduleEventListener ==================
 INFO 2021-12-17 21:53:39 (UpdateVdSourceScheduleEventListener.java:48) - 2KSOC97S7P5XN2::Request Inquiry Info :{"schedule":"2021-12-17","scheduleYN":"Y","status":"500"}
 INFO 2021-12-17 21:53:39 (UpdateVdSourceScheduleEventListener.java:50) - 2KSOC97S7P5XN2::Response Inquiry Info :[]
 INFO 2021-12-17 21:54:07 (AsyncConfig.java:17) - Creating Async Task Executor
 INFO 2021-12-17 21:54:08 (UpdateVdSourceScheduleEventListener.java:34) - SY8HMBX4ZM4DF::=============== Start UpdateVdSourceScheduleEventListener ==================
 INFO 2021-12-17 21:54:08 (UpdateVdSourceScheduleEventListener.java:48) - SY8HMBX4ZM4DF::Request Inquiry Info :{"schedule":"2021-12-17","scheduleYN":"Y","status":"500"}
 INFO 2021-12-17 21:54:08 (UpdateVdSourceScheduleEventListener.java:50) - SY8HMBX4ZM4DF::Response Inquiry Info :[]
 INFO 2021-12-17 21:54:49 (DefaultAuthenticationProvider.java:36) - ============== Start Authorization ===============
 INFO 2021-12-17 21:54:49 (DefaultAuthenticationProvider.java:40) - ============== Authentication Data :{"authorities":[],"details":{"grant_type":"password","client_id":"spring-security-oauth2-read-write-client","deviceInfo":"O9pdj5FGaCn5AWMBFy0S9xgL9tvkQpzHWKJ+pfrIj33II5yAZo2rBnHyjYRhBFsh76OHFOG7MSTC66J0P5SscDmF9CKxYoSuCWIUmhsmv9ER20jJ+MGejayObYF/f2ROO8YTxAQNMT8asLOmUNivQOInyZhGjTBDCrhNmJXOoTIsLblXe67sTAJVdaSiAnuD5znpbqP1nPpvU2ViRliyj6B0pufES0Yw/ejdD84tJSU9HHHfUst8ZgGS+Rw8IdiIS6+tNTbpej2FjSFAEefQxCVSk75noVpktpgQ6gTMOgaWGA0OD+/fOkR+oZRIyNj1yClpQTnmToYAb5J0CNwCiZfGIUovYd8VQph/4KRxjLwUMHCKyz1N666KbZQMDG0GSQUiuqM8xHxrtVqVZYPOgsTty6W79EnDR/3iWVxwdOGkc98ksCk2ypcuF2dO9ZZn","username":"obTEUoNa+7ZkNMbhWUtbVQ=="},"authenticated":false,"principal":"obTEUoNa+7ZkNMbhWUtbVQ==","credentials":"0wk8YjfuvQsvExhtZ0b/Xg==","name":"obTEUoNa+7ZkNMbhWUtbVQ=="}
 INFO 2021-12-17 21:54:49 (DefaultAuthenticationProviderService.java:49) - authenticate login
 INFO 2021-12-17 21:54:49 (DefaultAuthenticationProviderService.java:65) - removeToken
 INFO 2021-12-17 21:54:49 (HistoryUserLoginEventListener.java:26) - ================== Start Listener Keep Device Info ===============
 INFO 2021-12-17 21:54:49 (HistoryUserLoginEventListener.java:43) - device info:{"id":7,"userAgent":"Mozilla/5.0 (Windows NT 10.0; Win64; x64) AppleWebKit/537.36 (KHTML, like Gecko) Chrome/96.0.4664.93 Safari/537.36","os":"Windows","device":"Unknown","browser":"Chrome","osVersion":"windows-10","deviceType":"desktop","browserVersion":"96.0.4664.93","orientation":"landscape","networkIP":null,"userName":"admin@gmail.com","date":"20211217 09:54:49"}
 INFO 2021-12-17 21:54:49 (DefaultAuthenticationProvider.java:59) - User Info object: {"id":1,"username":"admin@gmail.com","password":"$2a$10$s6KZ/OmEPClG0dq78GDaO.Fc47yKTaQuYyjSWJziipqd3IzBlOMyK","accountExpired":false,"accountLocked":false,"credentialsExpired":false,"enabled":true,"authorities":[{"id":1,"name":"User_Read"},{"id":2,"name":"User_Create"},{"id":3,"name":"User_Update"},{"id":4,"name":"User_Delete"},{"id":5,"name":"Movie_Read"},{"id":6,"name":"Movie_Create"},{"id":7,"name":"Movie_Update"},{"id":8,"name":"Movie_Delete"},{"id":9,"name":"Movie_Source_Read"},{"id":10,"name":"Movie_Source_Create"},{"id":11,"name":"Movie_Source_Update"},{"id":12,"name":"Movie_Source_Delete"},{"id":13,"name":"Setting_Movie_Type_Read"},{"id":14,"name":"Setting_Movie_Type_Create"},{"id":15,"name":"Setting_Movie_Type_Update"},{"id":16,"name":"Setting_Movie_Type_Delete"},{"id":17,"name":"Setting_Sub_Movie_Type_Read"},{"id":18,"name":"Setting_Sub_Movie_Type_Create"},{"id":19,"name":"Setting_Sub_Movie_Type_Update"},{"id":20,"name":"Setting_Sub_Movie_Type_Delete"},{"id":21,"name":"Setting_Client_Setting_Read"},{"id":22,"name":"Setting_Client_Setting_Create"},{"id":23,"name":"Setting_Client_Setting_Update"},{"id":24,"name":"Setting_Client_Setting_Delete"}]}
 INFO 2021-12-17 21:54:49 (DefaultAuthenticationProvider.java:100) - Apply keep login success
 INFO 2021-12-17 21:54:49 (DefaultAuthenticationProvider.java:107) - ============== End Authorization ===============>>>>>>>>>>>>

 INFO 2021-12-17 21:54:50 (UserRest.java:160) - JKKHQDB6MQ3ABM::============= Start Load User By User Name ============
 INFO 2021-12-17 21:54:50 (UserRest.java:168) - {"userName":"admin@gmail.com"}
 INFO 2021-12-17 21:54:50 (UserRest.java:174) - User Info :{"id":1,"username":"admin@gmail.com","phoneNumber":"0987777777","fullName":"Testing","accountExpired":false,"accountLocked":false,"credentialsExpired":false,"enabled":true,"authorities":[{"id":1,"name":"User_Read"},{"id":2,"name":"User_Create"},{"id":3,"name":"User_Update"},{"id":4,"name":"User_Delete"},{"id":5,"name":"Movie_Read"},{"id":6,"name":"Movie_Create"},{"id":7,"name":"Movie_Update"},{"id":8,"name":"Movie_Delete"},{"id":9,"name":"Movie_Source_Read"},{"id":10,"name":"Movie_Source_Create"},{"id":11,"name":"Movie_Source_Update"},{"id":12,"name":"Movie_Source_Delete"},{"id":13,"name":"Setting_Movie_Type_Read"},{"id":14,"name":"Setting_Movie_Type_Create"},{"id":15,"name":"Setting_Movie_Type_Update"},{"id":16,"name":"Setting_Movie_Type_Delete"},{"id":17,"name":"Setting_Sub_Movie_Type_Read"},{"id":18,"name":"Setting_Sub_Movie_Type_Create"},{"id":19,"name":"Setting_Sub_Movie_Type_Update"},{"id":20,"name":"Setting_Sub_Movie_Type_Delete"},{"id":21,"name":"Setting_Client_Setting_Read"},{"id":22,"name":"Setting_Client_Setting_Create"},{"id":23,"name":"Setting_Client_Setting_Update"},{"id":24,"name":"Setting_Client_Setting_Delete"}]}
 INFO 2021-12-17 21:54:50 (BotAspect.java:37) - BotAspect afterExecute{"result":{"responseCode":"200","responseMessage":"Success"},"body":{"id":1,"username":"admin@gmail.com","phoneNumber":"0987777777","fullName":"Testing","accountExpired":false,"accountLocked":false,"credentialsExpired":false,"enabled":true,"authorities":[{"id":1,"name":"User_Read"},{"id":2,"name":"User_Create"},{"id":3,"name":"User_Update"},{"id":4,"name":"User_Delete"},{"id":5,"name":"Movie_Read"},{"id":6,"name":"Movie_Create"},{"id":7,"name":"Movie_Update"},{"id":8,"name":"Movie_Delete"},{"id":9,"name":"Movie_Source_Read"},{"id":10,"name":"Movie_Source_Create"},{"id":11,"name":"Movie_Source_Update"},{"id":12,"name":"Movie_Source_Delete"},{"id":13,"name":"Setting_Movie_Type_Read"},{"id":14,"name":"Setting_Movie_Type_Create"},{"id":15,"name":"Setting_Movie_Type_Update"},{"id":16,"name":"Setting_Movie_Type_Delete"},{"id":17,"name":"Setting_Sub_Movie_Type_Read"},{"id":18,"name":"Setting_Sub_Movie_Type_Create"},{"id":19,"name":"Setting_Sub_Movie_Type_Update"},{"id":20,"name":"Setting_Sub_Movie_Type_Delete"},{"id":21,"name":"Setting_Client_Setting_Read"},{"id":22,"name":"Setting_Client_Setting_Create"},{"id":23,"name":"Setting_Client_Setting_Update"},{"id":24,"name":"Setting_Client_Setting_Delete"}]}}
 INFO 2021-12-17 21:54:50 (VideoRest.java:123) - PFB2AIK2SDJR6D5::============= Start VideoRest Read ============
 INFO 2021-12-17 21:54:50 (VideoRest.java:147) - Movie Type Rest Read Response Http Client Data :{"result":{"responseCode":"200","responseMessage":"Success"},"body":[{"id":19,"vdName":"រិទ្ធិសែននាងកង្រី","resourceId":110,"remark":"","status":"200","vdTypeId":1,"vdSubTypeId":1,"vdTypeName":"Khmer","vdSubTypeName":"Drama"},{"id":17,"vdName":"មរណៈមាតា","resourceId":108,"remark":"","status":"200","vdTypeId":1,"vdSubTypeId":1,"vdTypeName":"Khmer","vdSubTypeName":"Drama"},{"id":16,"vdName":"ព្រះថោងនាងនាគ","resourceId":107,"remark":"","status":"200","vdTypeId":1,"vdSubTypeId":1,"vdTypeName":"Khmer","vdSubTypeName":"Drama"},{"id":15,"vdName":"និស្ស័យស្នេហ៍ទេវតាបីជាតិ","resourceId":106,"remark":"","status":"200","vdTypeId":4,"vdSubTypeId":1,"vdTypeName":"Korean","vdSubTypeName":"Drama"},{"id":13,"vdName":"ទុំទាវ","resourceId":104,"remark":"","status":"200","vdTypeId":1,"vdSubTypeId":1,"vdTypeName":"Khmer","vdSubTypeName":"Drama"},{"id":11,"vdName":"កូនកត្តញ្ញូ","resourceId":102,"remark":"","status":"200","vdTypeId":1,"vdSubTypeId":1,"vdTypeName":"Khmer","vdSubTypeName":"Drama"},{"id":10,"vdName":"Hello","resourceId":82,"remark":"","status":"200","vdTypeId":6,"vdSubTypeId":2,"vdTypeName":"HoliyFood","vdSubTypeName":"Movie"},{"id":6,"vdName":"Flutter","resourceId":26,"remark":"Flutter","status":"200","vdTypeId":5,"vdSubTypeId":2,"vdTypeName":"India","vdSubTypeName":"Movie"},{"id":5,"vdName":"Bomnol Chorb Sneh","resourceId":9,"remark":"Bomnol Chorb Sneh","status":"200","vdTypeId":4,"vdSubTypeId":2,"vdTypeName":"Korean","vdSubTypeName":"Movie"},{"id":4,"vdName":"Lung Sne Chong Pov Bosaba​","resourceId":8,"remark":"Lung Sne Chong Pov Bosaba​","status":"200","vdTypeId":4,"vdSubTypeId":1,"vdTypeName":"Korean","vdSubTypeName":"Drama"},{"id":3,"vdName":"Yuthsil Nak ","resourceId":12,"remark":"Klahan Jojork Reatrey","status":"200","vdTypeId":4,"vdSubTypeId":1,"vdTypeName":"Korean","vdSubTypeName":"Drama"},{"id":1,"vdName":"Boot Security","status":"200","vdTypeId":4,"vdSubTypeId":2,"vdTypeName":"Korean","vdSubTypeName":"Movie"}]}
ERROR 2021-12-17 21:54:50 (ImageReaderRest.java:76) - E0SOW8F8I1::error read image
java.io.FileNotFoundException: D:\my-vd\uploads\images\1ae3ab0b-861f-41a8-b850-d980d9651e58-Bomnol-Chorb-Sneh.png (The system cannot find the file specified)
	at java.io.FileInputStream.open0(Native Method)
	at java.io.FileInputStream.open(FileInputStream.java:195)
	at java.io.FileInputStream.<init>(FileInputStream.java:138)
	at com.evideo.evideobackend.unsecur.rest.ImageReaderRest.resourcesImage(ImageReaderRest.java:58)
	at sun.reflect.NativeMethodAccessorImpl.invoke0(Native Method)
	at sun.reflect.NativeMethodAccessorImpl.invoke(NativeMethodAccessorImpl.java:62)
	at sun.reflect.DelegatingMethodAccessorImpl.invoke(DelegatingMethodAccessorImpl.java:43)
	at java.lang.reflect.Method.invoke(Method.java:498)
	at org.springframework.web.method.support.InvocableHandlerMethod.doInvoke(InvocableHandlerMethod.java:197)
	at org.springframework.web.method.support.InvocableHandlerMethod.invokeForRequest(InvocableHandlerMethod.java:141)
	at org.springframework.web.servlet.mvc.method.annotation.ServletInvocableHandlerMethod.invokeAndHandle(ServletInvocableHandlerMethod.java:106)
	at org.springframework.web.servlet.mvc.method.annotation.RequestMappingHandlerAdapter.invokeHandlerMethod(RequestMappingHandlerAdapter.java:895)
	at org.springframework.web.servlet.mvc.method.annotation.RequestMappingHandlerAdapter.handleInternal(RequestMappingHandlerAdapter.java:808)
	at org.springframework.web.servlet.mvc.method.AbstractHandlerMethodAdapter.handle(AbstractHandlerMethodAdapter.java:87)
	at org.springframework.web.servlet.DispatcherServlet.doDispatch(DispatcherServlet.java:1064)
	at org.springframework.web.servlet.DispatcherServlet.doService(DispatcherServlet.java:963)
	at org.springframework.web.servlet.FrameworkServlet.processRequest(FrameworkServlet.java:1006)
	at org.springframework.web.servlet.FrameworkServlet.doGet(FrameworkServlet.java:898)
	at javax.servlet.http.HttpServlet.service(HttpServlet.java:655)
	at org.springframework.web.servlet.FrameworkServlet.service(FrameworkServlet.java:883)
	at javax.servlet.http.HttpServlet.service(HttpServlet.java:764)
	at org.apache.catalina.core.ApplicationFilterChain.internalDoFilter(ApplicationFilterChain.java:227)
	at org.apache.catalina.core.ApplicationFilterChain.doFilter(ApplicationFilterChain.java:162)
	at org.apache.tomcat.websocket.server.WsFilter.doFilter(WsFilter.java:53)
	at org.apache.catalina.core.ApplicationFilterChain.internalDoFilter(ApplicationFilterChain.java:189)
	at org.apache.catalina.core.ApplicationFilterChain.doFilter(ApplicationFilterChain.java:162)
	at org.springframework.security.web.FilterChainProxy$VirtualFilterChain.doFilter(FilterChainProxy.java:320)
	at org.springframework.security.web.access.intercept.FilterSecurityInterceptor.invoke(FilterSecurityInterceptor.java:126)
	at org.springframework.security.web.access.intercept.FilterSecurityInterceptor.doFilter(FilterSecurityInterceptor.java:90)
	at org.springframework.security.web.FilterChainProxy$VirtualFilterChain.doFilter(FilterChainProxy.java:334)
	at org.springframework.security.web.access.ExceptionTranslationFilter.doFilter(ExceptionTranslationFilter.java:118)
	at org.springframework.security.web.FilterChainProxy$VirtualFilterChain.doFilter(FilterChainProxy.java:334)
	at org.springframework.security.web.session.SessionManagementFilter.doFilter(SessionManagementFilter.java:137)
	at org.springframework.security.web.FilterChainProxy$VirtualFilterChain.doFilter(FilterChainProxy.java:334)
	at org.springframework.security.web.authentication.AnonymousAuthenticationFilter.doFilter(AnonymousAuthenticationFilter.java:111)
	at org.springframework.security.web.FilterChainProxy$VirtualFilterChain.doFilter(FilterChainProxy.java:334)
	at org.springframework.security.web.servletapi.SecurityContextHolderAwareRequestFilter.doFilter(SecurityContextHolderAwareRequestFilter.java:158)
	at org.springframework.security.web.FilterChainProxy$VirtualFilterChain.doFilter(FilterChainProxy.java:334)
	at org.springframework.security.web.savedrequest.RequestCacheAwareFilter.doFilter(RequestCacheAwareFilter.java:63)
	at org.springframework.security.web.FilterChainProxy$VirtualFilterChain.doFilter(FilterChainProxy.java:334)
	at org.springframework.security.oauth2.provider.authentication.OAuth2AuthenticationProcessingFilter.doFilter(OAuth2AuthenticationProcessingFilter.java:182)
	at org.springframework.security.web.FilterChainProxy$VirtualFilterChain.doFilter(FilterChainProxy.java:334)
	at org.springframework.security.web.authentication.logout.LogoutFilter.doFilter(LogoutFilter.java:116)
	at org.springframework.security.web.FilterChainProxy$VirtualFilterChain.doFilter(FilterChainProxy.java:334)
	at org.springframework.security.web.header.HeaderWriterFilter.doHeadersAfter(HeaderWriterFilter.java:92)
	at org.springframework.security.web.header.HeaderWriterFilter.doFilterInternal(HeaderWriterFilter.java:77)
	at org.springframework.web.filter.OncePerRequestFilter.doFilter(OncePerRequestFilter.java:119)
	at org.springframework.security.web.FilterChainProxy$VirtualFilterChain.doFilter(FilterChainProxy.java:334)
	at org.springframework.security.web.context.SecurityContextPersistenceFilter.doFilter(SecurityContextPersistenceFilter.java:105)
	at org.springframework.security.web.FilterChainProxy$VirtualFilterChain.doFilter(FilterChainProxy.java:334)
	at org.springframework.security.web.context.request.async.WebAsyncManagerIntegrationFilter.doFilterInternal(WebAsyncManagerIntegrationFilter.java:56)
	at org.springframework.web.filter.OncePerRequestFilter.doFilter(OncePerRequestFilter.java:119)
	at org.springframework.security.web.FilterChainProxy$VirtualFilterChain.doFilter(FilterChainProxy.java:334)
	at org.springframework.security.web.FilterChainProxy.doFilterInternal(FilterChainProxy.java:215)
	at org.springframework.security.web.FilterChainProxy.doFilter(FilterChainProxy.java:178)
	at org.springframework.web.filter.DelegatingFilterProxy.invokeDelegate(DelegatingFilterProxy.java:358)
	at org.springframework.web.filter.DelegatingFilterProxy.doFilter(DelegatingFilterProxy.java:271)
	at org.apache.catalina.core.ApplicationFilterChain.internalDoFilter(ApplicationFilterChain.java:189)
	at org.apache.catalina.core.ApplicationFilterChain.doFilter(ApplicationFilterChain.java:162)
	at org.springframework.web.filter.RequestContextFilter.doFilterInternal(RequestContextFilter.java:100)
	at org.springframework.web.filter.OncePerRequestFilter.doFilter(OncePerRequestFilter.java:119)
	at org.apache.catalina.core.ApplicationFilterChain.internalDoFilter(ApplicationFilterChain.java:189)
	at org.apache.catalina.core.ApplicationFilterChain.doFilter(ApplicationFilterChain.java:162)
	at org.springframework.web.filter.FormContentFilter.doFilterInternal(FormContentFilter.java:93)
	at org.springframework.web.filter.OncePerRequestFilter.doFilter(OncePerRequestFilter.java:119)
	at org.apache.catalina.core.ApplicationFilterChain.internalDoFilter(ApplicationFilterChain.java:189)
	at org.apache.catalina.core.ApplicationFilterChain.doFilter(ApplicationFilterChain.java:162)
	at org.springframework.boot.actuate.metrics.web.servlet.WebMvcMetricsFilter.doFilterInternal(WebMvcMetricsFilter.java:96)
	at org.springframework.web.filter.OncePerRequestFilter.doFilter(OncePerRequestFilter.java:119)
	at org.apache.catalina.core.ApplicationFilterChain.internalDoFilter(ApplicationFilterChain.java:189)
	at org.apache.catalina.core.ApplicationFilterChain.doFilter(ApplicationFilterChain.java:162)
	at org.springframework.web.filter.CharacterEncodingFilter.doFilterInternal(CharacterEncodingFilter.java:201)
	at org.springframework.web.filter.OncePerRequestFilter.doFilter(OncePerRequestFilter.java:119)
	at org.apache.catalina.core.ApplicationFilterChain.internalDoFilter(ApplicationFilterChain.java:189)
	at org.apache.catalina.core.ApplicationFilterChain.doFilter(ApplicationFilterChain.java:162)
	at com.evideo.evideobackend.core.config.corsFilter.DoCorsFilterWebMvcConfiguration$CorsFilter.doFilter(DoCorsFilterWebMvcConfiguration.java:41)
	at org.apache.catalina.core.ApplicationFilterChain.internalDoFilter(ApplicationFilterChain.java:189)
	at org.apache.catalina.core.ApplicationFilterChain.doFilter(ApplicationFilterChain.java:162)
	at org.apache.catalina.core.StandardWrapperValve.invoke(StandardWrapperValve.java:197)
	at org.apache.catalina.core.StandardContextValve.invoke(StandardContextValve.java:97)
	at org.apache.catalina.authenticator.AuthenticatorBase.invoke(AuthenticatorBase.java:542)
	at org.apache.catalina.core.StandardHostValve.invoke(StandardHostValve.java:135)
	at org.apache.catalina.valves.ErrorReportValve.invoke(ErrorReportValve.java:92)
	at org.apache.catalina.core.StandardEngineValve.invoke(StandardEngineValve.java:78)
	at org.apache.catalina.connector.CoyoteAdapter.service(CoyoteAdapter.java:357)
	at org.apache.coyote.http11.Http11Processor.service(Http11Processor.java:382)
	at org.apache.coyote.AbstractProcessorLight.process(AbstractProcessorLight.java:65)
	at org.apache.coyote.AbstractProtocol$ConnectionHandler.process(AbstractProtocol.java:893)
	at org.apache.tomcat.util.net.NioEndpoint$SocketProcessor.doRun(NioEndpoint.java:1726)
	at org.apache.tomcat.util.net.SocketProcessorBase.run(SocketProcessorBase.java:49)
	at org.apache.tomcat.util.threads.ThreadPoolExecutor.runWorker(ThreadPoolExecutor.java:1191)
	at org.apache.tomcat.util.threads.ThreadPoolExecutor$Worker.run(ThreadPoolExecutor.java:659)
	at org.apache.tomcat.util.threads.TaskThread$WrappingRunnable.run(TaskThread.java:61)
	at java.lang.Thread.run(Thread.java:748)
 INFO 2021-12-17 21:55:08 (UpdateVdSourceScheduleEventListener.java:34) - SY8HMBX4ZM4DF::=============== Start UpdateVdSourceScheduleEventListener ==================
 INFO 2021-12-17 21:55:08 (UpdateVdSourceScheduleEventListener.java:48) - SY8HMBX4ZM4DF::Request Inquiry Info :{"schedule":"2021-12-17","scheduleYN":"Y","status":"500"}
 INFO 2021-12-17 21:55:08 (UpdateVdSourceScheduleEventListener.java:50) - SY8HMBX4ZM4DF::Response Inquiry Info :[]
 INFO 2021-12-17 21:56:08 (UpdateVdSourceScheduleEventListener.java:34) - SY8HMBX4ZM4DF::=============== Start UpdateVdSourceScheduleEventListener ==================
 INFO 2021-12-17 21:56:08 (UpdateVdSourceScheduleEventListener.java:48) - SY8HMBX4ZM4DF::Request Inquiry Info :{"schedule":"2021-12-17","scheduleYN":"Y","status":"500"}
 INFO 2021-12-17 21:56:08 (UpdateVdSourceScheduleEventListener.java:50) - SY8HMBX4ZM4DF::Response Inquiry Info :[]
 INFO 2021-12-17 21:57:02 (AsyncConfig.java:17) - Creating Async Task Executor
 INFO 2021-12-17 21:57:03 (UpdateVdSourceScheduleEventListener.java:34) - DDAF3C3CSH7O4DK::=============== Start UpdateVdSourceScheduleEventListener ==================
 INFO 2021-12-17 21:57:03 (UpdateVdSourceScheduleEventListener.java:48) - DDAF3C3CSH7O4DK::Request Inquiry Info :{"schedule":"2021-12-17","scheduleYN":"Y","status":"500"}
 INFO 2021-12-17 21:57:03 (UpdateVdSourceScheduleEventListener.java:50) - DDAF3C3CSH7O4DK::Response Inquiry Info :[]
 INFO 2021-12-17 21:58:03 (UpdateVdSourceScheduleEventListener.java:34) - DDAF3C3CSH7O4DK::=============== Start UpdateVdSourceScheduleEventListener ==================
 INFO 2021-12-17 21:58:03 (UpdateVdSourceScheduleEventListener.java:48) - DDAF3C3CSH7O4DK::Request Inquiry Info :{"schedule":"2021-12-17","scheduleYN":"Y","status":"500"}
 INFO 2021-12-17 21:58:03 (UpdateVdSourceScheduleEventListener.java:50) - DDAF3C3CSH7O4DK::Response Inquiry Info :[]
 INFO 2021-12-17 21:59:03 (UpdateVdSourceScheduleEventListener.java:34) - DDAF3C3CSH7O4DK::=============== Start UpdateVdSourceScheduleEventListener ==================
 INFO 2021-12-17 21:59:03 (UpdateVdSourceScheduleEventListener.java:48) - DDAF3C3CSH7O4DK::Request Inquiry Info :{"schedule":"2021-12-17","scheduleYN":"Y","status":"500"}
 INFO 2021-12-17 21:59:03 (UpdateVdSourceScheduleEventListener.java:50) - DDAF3C3CSH7O4DK::Response Inquiry Info :[]
 INFO 2021-12-17 22:00:03 (UpdateVdSourceScheduleEventListener.java:34) - DDAF3C3CSH7O4DK::=============== Start UpdateVdSourceScheduleEventListener ==================
 INFO 2021-12-17 22:00:03 (UpdateVdSourceScheduleEventListener.java:48) - DDAF3C3CSH7O4DK::Request Inquiry Info :{"schedule":"2021-12-17","scheduleYN":"Y","status":"500"}
 INFO 2021-12-17 22:00:03 (UpdateVdSourceScheduleEventListener.java:50) - DDAF3C3CSH7O4DK::Response Inquiry Info :[]
 INFO 2021-12-17 22:01:03 (UpdateVdSourceScheduleEventListener.java:34) - DDAF3C3CSH7O4DK::=============== Start UpdateVdSourceScheduleEventListener ==================
 INFO 2021-12-17 22:01:03 (UpdateVdSourceScheduleEventListener.java:48) - DDAF3C3CSH7O4DK::Request Inquiry Info :{"schedule":"2021-12-17","scheduleYN":"Y","status":"500"}
 INFO 2021-12-17 22:01:03 (UpdateVdSourceScheduleEventListener.java:50) - DDAF3C3CSH7O4DK::Response Inquiry Info :[]
 INFO 2021-12-17 22:01:37 (AsyncConfig.java:17) - Creating Async Task Executor
 INFO 2021-12-17 22:01:38 (UpdateVdSourceScheduleEventListener.java:34) - WGLFFD21A080HWF::=============== Start UpdateVdSourceScheduleEventListener ==================
 INFO 2021-12-17 22:01:38 (UpdateVdSourceScheduleEventListener.java:48) - WGLFFD21A080HWF::Request Inquiry Info :{"schedule":"2021-12-17","scheduleYN":"Y","status":"500"}
 INFO 2021-12-17 22:01:38 (UpdateVdSourceScheduleEventListener.java:50) - WGLFFD21A080HWF::Response Inquiry Info :[]
 INFO 2021-12-17 22:02:38 (UpdateVdSourceScheduleEventListener.java:34) - WGLFFD21A080HWF::=============== Start UpdateVdSourceScheduleEventListener ==================
 INFO 2021-12-17 22:02:38 (UpdateVdSourceScheduleEventListener.java:48) - WGLFFD21A080HWF::Request Inquiry Info :{"schedule":"2021-12-17","scheduleYN":"Y","status":"500"}
 INFO 2021-12-17 22:02:38 (UpdateVdSourceScheduleEventListener.java:50) - WGLFFD21A080HWF::Response Inquiry Info :[]
 INFO 2021-12-17 22:03:38 (UpdateVdSourceScheduleEventListener.java:34) - WGLFFD21A080HWF::=============== Start UpdateVdSourceScheduleEventListener ==================
 INFO 2021-12-17 22:03:38 (UpdateVdSourceScheduleEventListener.java:48) - WGLFFD21A080HWF::Request Inquiry Info :{"schedule":"2021-12-17","scheduleYN":"Y","status":"500"}
 INFO 2021-12-17 22:03:38 (UpdateVdSourceScheduleEventListener.java:50) - WGLFFD21A080HWF::Response Inquiry Info :[]
 INFO 2021-12-17 22:04:38 (UpdateVdSourceScheduleEventListener.java:34) - WGLFFD21A080HWF::=============== Start UpdateVdSourceScheduleEventListener ==================
 INFO 2021-12-17 22:04:38 (UpdateVdSourceScheduleEventListener.java:48) - WGLFFD21A080HWF::Request Inquiry Info :{"schedule":"2021-12-17","scheduleYN":"Y","status":"500"}
 INFO 2021-12-17 22:04:38 (UpdateVdSourceScheduleEventListener.java:50) - WGLFFD21A080HWF::Response Inquiry Info :[]
 INFO 2021-12-17 22:05:07 (MovieTypeRest.java:201) - A3NJFXGKF12Q853::Data from http client :{"id":6,"status":"N"}
 INFO 2021-12-17 22:05:07 (MovieTypeRest.java:220) - A3NJFXGKF12Q853::updateStatusYN Success. Data Response to http Client :{"result":{"responseCode":"200","responseMessage":"Success"},"body":null}
 INFO 2021-12-17 22:05:07 (MovieTypeRest.java:104) - A3NJFXGKF12Q853::Movie Type Rest Read Response Http Client Data :{"result":{"responseCode":"200","responseMessage":"Success"},"body":[{"id":6,"name":"HoliyFood","remark":"HoliyFood","status":"N"},{"id":5,"name":"India","remark":"India","status":"Y"},{"id":4,"name":"Korean","remark":"Korean","status":"Y"},{"id":3,"name":"Thai","remark":"Thai Movie","status":"Y"},{"id":2,"name":"Chiness","remark":"Chiness","status":"Y"},{"id":1,"name":"Khmer","remark":"khmer","status":"Y"}]}
 INFO 2021-12-17 22:05:10 (MovieTypeRest.java:201) - A3NJFXGKF12Q853::Data from http client :{"id":5,"status":"N"}
 INFO 2021-12-17 22:05:10 (MovieTypeRest.java:220) - A3NJFXGKF12Q853::updateStatusYN Success. Data Response to http Client :{"result":{"responseCode":"200","responseMessage":"Success"},"body":null}
 INFO 2021-12-17 22:05:10 (MovieTypeRest.java:104) - A3NJFXGKF12Q853::Movie Type Rest Read Response Http Client Data :{"result":{"responseCode":"200","responseMessage":"Success"},"body":[{"id":6,"name":"HoliyFood","remark":"HoliyFood","status":"N"},{"id":5,"name":"India","remark":"India","status":"N"},{"id":4,"name":"Korean","remark":"Korean","status":"Y"},{"id":3,"name":"Thai","remark":"Thai Movie","status":"Y"},{"id":2,"name":"Chiness","remark":"Chiness","status":"Y"},{"id":1,"name":"Khmer","remark":"khmer","status":"Y"}]}
 INFO 2021-12-17 22:05:11 (MovieTypeRest.java:201) - A3NJFXGKF12Q853::Data from http client :{"id":6,"status":"Y"}
 INFO 2021-12-17 22:05:11 (MovieTypeRest.java:220) - A3NJFXGKF12Q853::updateStatusYN Success. Data Response to http Client :{"result":{"responseCode":"200","responseMessage":"Success"},"body":null}
 INFO 2021-12-17 22:05:11 (MovieTypeRest.java:104) - A3NJFXGKF12Q853::Movie Type Rest Read Response Http Client Data :{"result":{"responseCode":"200","responseMessage":"Success"},"body":[{"id":6,"name":"HoliyFood","remark":"HoliyFood","status":"Y"},{"id":5,"name":"India","remark":"India","status":"N"},{"id":4,"name":"Korean","remark":"Korean","status":"Y"},{"id":3,"name":"Thai","remark":"Thai Movie","status":"Y"},{"id":2,"name":"Chiness","remark":"Chiness","status":"Y"},{"id":1,"name":"Khmer","remark":"khmer","status":"Y"}]}
 INFO 2021-12-17 22:05:12 (MovieTypeRest.java:201) - A3NJFXGKF12Q853::Data from http client :{"id":5,"status":"Y"}
 INFO 2021-12-17 22:05:12 (MovieTypeRest.java:220) - A3NJFXGKF12Q853::updateStatusYN Success. Data Response to http Client :{"result":{"responseCode":"200","responseMessage":"Success"},"body":null}
 INFO 2021-12-17 22:05:12 (MovieTypeRest.java:104) - A3NJFXGKF12Q853::Movie Type Rest Read Response Http Client Data :{"result":{"responseCode":"200","responseMessage":"Success"},"body":[{"id":6,"name":"HoliyFood","remark":"HoliyFood","status":"Y"},{"id":5,"name":"India","remark":"India","status":"Y"},{"id":4,"name":"Korean","remark":"Korean","status":"Y"},{"id":3,"name":"Thai","remark":"Thai Movie","status":"Y"},{"id":2,"name":"Chiness","remark":"Chiness","status":"Y"},{"id":1,"name":"Khmer","remark":"khmer","status":"Y"}]}
 INFO 2021-12-17 22:05:38 (UpdateVdSourceScheduleEventListener.java:34) - WGLFFD21A080HWF::=============== Start UpdateVdSourceScheduleEventListener ==================
 INFO 2021-12-17 22:05:38 (UpdateVdSourceScheduleEventListener.java:48) - WGLFFD21A080HWF::Request Inquiry Info :{"schedule":"2021-12-17","scheduleYN":"Y","status":"500"}
 INFO 2021-12-17 22:05:38 (UpdateVdSourceScheduleEventListener.java:50) - WGLFFD21A080HWF::Response Inquiry Info :[]
 INFO 2021-12-17 22:06:38 (UpdateVdSourceScheduleEventListener.java:34) - WGLFFD21A080HWF::=============== Start UpdateVdSourceScheduleEventListener ==================
 INFO 2021-12-17 22:06:38 (UpdateVdSourceScheduleEventListener.java:48) - WGLFFD21A080HWF::Request Inquiry Info :{"schedule":"2021-12-17","scheduleYN":"Y","status":"500"}
 INFO 2021-12-17 22:06:38 (UpdateVdSourceScheduleEventListener.java:50) - WGLFFD21A080HWF::Response Inquiry Info :[]
 INFO 2021-12-17 22:07:38 (UpdateVdSourceScheduleEventListener.java:34) - WGLFFD21A080HWF::=============== Start UpdateVdSourceScheduleEventListener ==================
 INFO 2021-12-17 22:07:38 (UpdateVdSourceScheduleEventListener.java:48) - WGLFFD21A080HWF::Request Inquiry Info :{"schedule":"2021-12-17","scheduleYN":"Y","status":"500"}
 INFO 2021-12-17 22:07:38 (UpdateVdSourceScheduleEventListener.java:50) - WGLFFD21A080HWF::Response Inquiry Info :[]
 INFO 2021-12-17 22:08:38 (UpdateVdSourceScheduleEventListener.java:34) - WGLFFD21A080HWF::=============== Start UpdateVdSourceScheduleEventListener ==================
 INFO 2021-12-17 22:08:38 (UpdateVdSourceScheduleEventListener.java:48) - WGLFFD21A080HWF::Request Inquiry Info :{"schedule":"2021-12-17","scheduleYN":"Y","status":"500"}
 INFO 2021-12-17 22:08:38 (UpdateVdSourceScheduleEventListener.java:50) - WGLFFD21A080HWF::Response Inquiry Info :[]
 INFO 2021-12-17 22:09:38 (UpdateVdSourceScheduleEventListener.java:34) - WGLFFD21A080HWF::=============== Start UpdateVdSourceScheduleEventListener ==================
 INFO 2021-12-17 22:09:38 (UpdateVdSourceScheduleEventListener.java:48) - WGLFFD21A080HWF::Request Inquiry Info :{"schedule":"2021-12-17","scheduleYN":"Y","status":"500"}
 INFO 2021-12-17 22:09:38 (UpdateVdSourceScheduleEventListener.java:50) - WGLFFD21A080HWF::Response Inquiry Info :[]
 INFO 2021-12-17 22:10:38 (UpdateVdSourceScheduleEventListener.java:34) - WGLFFD21A080HWF::=============== Start UpdateVdSourceScheduleEventListener ==================
 INFO 2021-12-17 22:10:38 (UpdateVdSourceScheduleEventListener.java:48) - WGLFFD21A080HWF::Request Inquiry Info :{"schedule":"2021-12-17","scheduleYN":"Y","status":"500"}
 INFO 2021-12-17 22:10:38 (UpdateVdSourceScheduleEventListener.java:50) - WGLFFD21A080HWF::Response Inquiry Info :[]
 INFO 2021-12-17 22:11:38 (UpdateVdSourceScheduleEventListener.java:34) - WGLFFD21A080HWF::=============== Start UpdateVdSourceScheduleEventListener ==================
 INFO 2021-12-17 22:11:38 (UpdateVdSourceScheduleEventListener.java:48) - WGLFFD21A080HWF::Request Inquiry Info :{"schedule":"2021-12-17","scheduleYN":"Y","status":"500"}
 INFO 2021-12-17 22:11:38 (UpdateVdSourceScheduleEventListener.java:50) - WGLFFD21A080HWF::Response Inquiry Info :[]
 INFO 2021-12-17 22:12:38 (UpdateVdSourceScheduleEventListener.java:34) - WGLFFD21A080HWF::=============== Start UpdateVdSourceScheduleEventListener ==================
 INFO 2021-12-17 22:12:38 (UpdateVdSourceScheduleEventListener.java:48) - WGLFFD21A080HWF::Request Inquiry Info :{"schedule":"2021-12-17","scheduleYN":"Y","status":"500"}
 INFO 2021-12-17 22:12:38 (UpdateVdSourceScheduleEventListener.java:50) - WGLFFD21A080HWF::Response Inquiry Info :[]
 INFO 2021-12-17 22:13:38 (UpdateVdSourceScheduleEventListener.java:34) - WGLFFD21A080HWF::=============== Start UpdateVdSourceScheduleEventListener ==================
 INFO 2021-12-17 22:13:38 (UpdateVdSourceScheduleEventListener.java:48) - WGLFFD21A080HWF::Request Inquiry Info :{"schedule":"2021-12-17","scheduleYN":"Y","status":"500"}
 INFO 2021-12-17 22:13:38 (UpdateVdSourceScheduleEventListener.java:50) - WGLFFD21A080HWF::Response Inquiry Info :[]
 INFO 2021-12-17 22:14:38 (UpdateVdSourceScheduleEventListener.java:34) - WGLFFD21A080HWF::=============== Start UpdateVdSourceScheduleEventListener ==================
 INFO 2021-12-17 22:14:38 (UpdateVdSourceScheduleEventListener.java:48) - WGLFFD21A080HWF::Request Inquiry Info :{"schedule":"2021-12-17","scheduleYN":"Y","status":"500"}
 INFO 2021-12-17 22:14:38 (UpdateVdSourceScheduleEventListener.java:50) - WGLFFD21A080HWF::Response Inquiry Info :[]
 INFO 2021-12-17 22:15:38 (UpdateVdSourceScheduleEventListener.java:34) - WGLFFD21A080HWF::=============== Start UpdateVdSourceScheduleEventListener ==================
 INFO 2021-12-17 22:15:38 (UpdateVdSourceScheduleEventListener.java:48) - WGLFFD21A080HWF::Request Inquiry Info :{"schedule":"2021-12-17","scheduleYN":"Y","status":"500"}
 INFO 2021-12-17 22:15:38 (UpdateVdSourceScheduleEventListener.java:50) - WGLFFD21A080HWF::Response Inquiry Info :[]
 INFO 2021-12-17 22:16:38 (UpdateVdSourceScheduleEventListener.java:34) - WGLFFD21A080HWF::=============== Start UpdateVdSourceScheduleEventListener ==================
 INFO 2021-12-17 22:16:38 (UpdateVdSourceScheduleEventListener.java:48) - WGLFFD21A080HWF::Request Inquiry Info :{"schedule":"2021-12-17","scheduleYN":"Y","status":"500"}
 INFO 2021-12-17 22:16:38 (UpdateVdSourceScheduleEventListener.java:50) - WGLFFD21A080HWF::Response Inquiry Info :[]
 INFO 2021-12-17 22:17:38 (UpdateVdSourceScheduleEventListener.java:34) - WGLFFD21A080HWF::=============== Start UpdateVdSourceScheduleEventListener ==================
 INFO 2021-12-17 22:17:38 (UpdateVdSourceScheduleEventListener.java:48) - WGLFFD21A080HWF::Request Inquiry Info :{"schedule":"2021-12-17","scheduleYN":"Y","status":"500"}
 INFO 2021-12-17 22:17:38 (UpdateVdSourceScheduleEventListener.java:50) - WGLFFD21A080HWF::Response Inquiry Info :[]
 INFO 2021-12-17 22:18:38 (UpdateVdSourceScheduleEventListener.java:34) - WGLFFD21A080HWF::=============== Start UpdateVdSourceScheduleEventListener ==================
 INFO 2021-12-17 22:18:38 (UpdateVdSourceScheduleEventListener.java:48) - WGLFFD21A080HWF::Request Inquiry Info :{"schedule":"2021-12-17","scheduleYN":"Y","status":"500"}
 INFO 2021-12-17 22:18:38 (UpdateVdSourceScheduleEventListener.java:50) - WGLFFD21A080HWF::Response Inquiry Info :[]
 INFO 2021-12-17 22:19:38 (UpdateVdSourceScheduleEventListener.java:34) - WGLFFD21A080HWF::=============== Start UpdateVdSourceScheduleEventListener ==================
 INFO 2021-12-17 22:19:38 (UpdateVdSourceScheduleEventListener.java:48) - WGLFFD21A080HWF::Request Inquiry Info :{"schedule":"2021-12-17","scheduleYN":"Y","status":"500"}
 INFO 2021-12-17 22:19:38 (UpdateVdSourceScheduleEventListener.java:50) - WGLFFD21A080HWF::Response Inquiry Info :[]
 INFO 2021-12-17 22:20:38 (UpdateVdSourceScheduleEventListener.java:34) - WGLFFD21A080HWF::=============== Start UpdateVdSourceScheduleEventListener ==================
 INFO 2021-12-17 22:20:38 (UpdateVdSourceScheduleEventListener.java:48) - WGLFFD21A080HWF::Request Inquiry Info :{"schedule":"2021-12-17","scheduleYN":"Y","status":"500"}
 INFO 2021-12-17 22:20:38 (UpdateVdSourceScheduleEventListener.java:50) - WGLFFD21A080HWF::Response Inquiry Info :[]
 INFO 2021-12-17 22:21:38 (UpdateVdSourceScheduleEventListener.java:34) - WGLFFD21A080HWF::=============== Start UpdateVdSourceScheduleEventListener ==================
 INFO 2021-12-17 22:21:38 (UpdateVdSourceScheduleEventListener.java:48) - WGLFFD21A080HWF::Request Inquiry Info :{"schedule":"2021-12-17","scheduleYN":"Y","status":"500"}
 INFO 2021-12-17 22:21:38 (UpdateVdSourceScheduleEventListener.java:50) - WGLFFD21A080HWF::Response Inquiry Info :[]
 INFO 2021-12-17 22:22:38 (UpdateVdSourceScheduleEventListener.java:34) - WGLFFD21A080HWF::=============== Start UpdateVdSourceScheduleEventListener ==================
 INFO 2021-12-17 22:22:38 (UpdateVdSourceScheduleEventListener.java:48) - WGLFFD21A080HWF::Request Inquiry Info :{"schedule":"2021-12-17","scheduleYN":"Y","status":"500"}
 INFO 2021-12-17 22:22:38 (UpdateVdSourceScheduleEventListener.java:50) - WGLFFD21A080HWF::Response Inquiry Info :[]
 INFO 2021-12-17 22:23:38 (UpdateVdSourceScheduleEventListener.java:34) - WGLFFD21A080HWF::=============== Start UpdateVdSourceScheduleEventListener ==================
 INFO 2021-12-17 22:23:38 (UpdateVdSourceScheduleEventListener.java:48) - WGLFFD21A080HWF::Request Inquiry Info :{"schedule":"2021-12-17","scheduleYN":"Y","status":"500"}
 INFO 2021-12-17 22:23:38 (UpdateVdSourceScheduleEventListener.java:50) - WGLFFD21A080HWF::Response Inquiry Info :[]
 INFO 2021-12-17 22:24:38 (UpdateVdSourceScheduleEventListener.java:34) - WGLFFD21A080HWF::=============== Start UpdateVdSourceScheduleEventListener ==================
 INFO 2021-12-17 22:24:38 (UpdateVdSourceScheduleEventListener.java:48) - WGLFFD21A080HWF::Request Inquiry Info :{"schedule":"2021-12-17","scheduleYN":"Y","status":"500"}
 INFO 2021-12-17 22:24:38 (UpdateVdSourceScheduleEventListener.java:50) - WGLFFD21A080HWF::Response Inquiry Info :[]
 INFO 2021-12-17 22:25:38 (UpdateVdSourceScheduleEventListener.java:34) - WGLFFD21A080HWF::=============== Start UpdateVdSourceScheduleEventListener ==================
 INFO 2021-12-17 22:25:38 (UpdateVdSourceScheduleEventListener.java:48) - WGLFFD21A080HWF::Request Inquiry Info :{"schedule":"2021-12-17","scheduleYN":"Y","status":"500"}
 INFO 2021-12-17 22:25:38 (UpdateVdSourceScheduleEventListener.java:50) - WGLFFD21A080HWF::Response Inquiry Info :[]
 INFO 2021-12-17 22:26:38 (UpdateVdSourceScheduleEventListener.java:34) - WGLFFD21A080HWF::=============== Start UpdateVdSourceScheduleEventListener ==================
 INFO 2021-12-17 22:26:38 (UpdateVdSourceScheduleEventListener.java:48) - WGLFFD21A080HWF::Request Inquiry Info :{"schedule":"2021-12-17","scheduleYN":"Y","status":"500"}
 INFO 2021-12-17 22:26:38 (UpdateVdSourceScheduleEventListener.java:50) - WGLFFD21A080HWF::Response Inquiry Info :[]
 INFO 2021-12-17 22:27:38 (UpdateVdSourceScheduleEventListener.java:34) - WGLFFD21A080HWF::=============== Start UpdateVdSourceScheduleEventListener ==================
 INFO 2021-12-17 22:27:38 (UpdateVdSourceScheduleEventListener.java:48) - WGLFFD21A080HWF::Request Inquiry Info :{"schedule":"2021-12-17","scheduleYN":"Y","status":"500"}
 INFO 2021-12-17 22:27:38 (UpdateVdSourceScheduleEventListener.java:50) - WGLFFD21A080HWF::Response Inquiry Info :[]
 INFO 2021-12-17 22:28:38 (UpdateVdSourceScheduleEventListener.java:34) - WGLFFD21A080HWF::=============== Start UpdateVdSourceScheduleEventListener ==================
 INFO 2021-12-17 22:28:38 (UpdateVdSourceScheduleEventListener.java:48) - WGLFFD21A080HWF::Request Inquiry Info :{"schedule":"2021-12-17","scheduleYN":"Y","status":"500"}
 INFO 2021-12-17 22:28:38 (UpdateVdSourceScheduleEventListener.java:50) - WGLFFD21A080HWF::Response Inquiry Info :[]
 INFO 2021-12-17 22:29:38 (UpdateVdSourceScheduleEventListener.java:34) - WGLFFD21A080HWF::=============== Start UpdateVdSourceScheduleEventListener ==================
 INFO 2021-12-17 22:29:38 (UpdateVdSourceScheduleEventListener.java:48) - WGLFFD21A080HWF::Request Inquiry Info :{"schedule":"2021-12-17","scheduleYN":"Y","status":"500"}
 INFO 2021-12-17 22:29:38 (UpdateVdSourceScheduleEventListener.java:50) - WGLFFD21A080HWF::Response Inquiry Info :[]
 INFO 2021-12-17 22:30:38 (UpdateVdSourceScheduleEventListener.java:34) - WGLFFD21A080HWF::=============== Start UpdateVdSourceScheduleEventListener ==================
 INFO 2021-12-17 22:30:38 (UpdateVdSourceScheduleEventListener.java:48) - WGLFFD21A080HWF::Request Inquiry Info :{"schedule":"2021-12-17","scheduleYN":"Y","status":"500"}
 INFO 2021-12-17 22:30:38 (UpdateVdSourceScheduleEventListener.java:50) - WGLFFD21A080HWF::Response Inquiry Info :[]
 INFO 2021-12-17 22:31:38 (UpdateVdSourceScheduleEventListener.java:34) - WGLFFD21A080HWF::=============== Start UpdateVdSourceScheduleEventListener ==================
 INFO 2021-12-17 22:31:38 (UpdateVdSourceScheduleEventListener.java:48) - WGLFFD21A080HWF::Request Inquiry Info :{"schedule":"2021-12-17","scheduleYN":"Y","status":"500"}
 INFO 2021-12-17 22:31:38 (UpdateVdSourceScheduleEventListener.java:50) - WGLFFD21A080HWF::Response Inquiry Info :[]
 INFO 2021-12-17 22:32:38 (UpdateVdSourceScheduleEventListener.java:34) - WGLFFD21A080HWF::=============== Start UpdateVdSourceScheduleEventListener ==================
 INFO 2021-12-17 22:32:38 (UpdateVdSourceScheduleEventListener.java:48) - WGLFFD21A080HWF::Request Inquiry Info :{"schedule":"2021-12-17","scheduleYN":"Y","status":"500"}
 INFO 2021-12-17 22:32:38 (UpdateVdSourceScheduleEventListener.java:50) - WGLFFD21A080HWF::Response Inquiry Info :[]
 INFO 2021-12-17 22:33:38 (UpdateVdSourceScheduleEventListener.java:34) - WGLFFD21A080HWF::=============== Start UpdateVdSourceScheduleEventListener ==================
 INFO 2021-12-17 22:33:38 (UpdateVdSourceScheduleEventListener.java:48) - WGLFFD21A080HWF::Request Inquiry Info :{"schedule":"2021-12-17","scheduleYN":"Y","status":"500"}
 INFO 2021-12-17 22:33:38 (UpdateVdSourceScheduleEventListener.java:50) - WGLFFD21A080HWF::Response Inquiry Info :[]
 INFO 2021-12-17 22:34:38 (UpdateVdSourceScheduleEventListener.java:34) - WGLFFD21A080HWF::=============== Start UpdateVdSourceScheduleEventListener ==================
 INFO 2021-12-17 22:34:38 (UpdateVdSourceScheduleEventListener.java:48) - WGLFFD21A080HWF::Request Inquiry Info :{"schedule":"2021-12-17","scheduleYN":"Y","status":"500"}
 INFO 2021-12-17 22:34:38 (UpdateVdSourceScheduleEventListener.java:50) - WGLFFD21A080HWF::Response Inquiry Info :[]
 INFO 2021-12-17 22:35:38 (UpdateVdSourceScheduleEventListener.java:34) - WGLFFD21A080HWF::=============== Start UpdateVdSourceScheduleEventListener ==================
 INFO 2021-12-17 22:35:38 (UpdateVdSourceScheduleEventListener.java:48) - WGLFFD21A080HWF::Request Inquiry Info :{"schedule":"2021-12-17","scheduleYN":"Y","status":"500"}
 INFO 2021-12-17 22:35:38 (UpdateVdSourceScheduleEventListener.java:50) - WGLFFD21A080HWF::Response Inquiry Info :[]
 INFO 2021-12-17 22:36:38 (UpdateVdSourceScheduleEventListener.java:34) - WGLFFD21A080HWF::=============== Start UpdateVdSourceScheduleEventListener ==================
 INFO 2021-12-17 22:36:38 (UpdateVdSourceScheduleEventListener.java:48) - WGLFFD21A080HWF::Request Inquiry Info :{"schedule":"2021-12-17","scheduleYN":"Y","status":"500"}
 INFO 2021-12-17 22:36:38 (UpdateVdSourceScheduleEventListener.java:50) - WGLFFD21A080HWF::Response Inquiry Info :[]
 INFO 2021-12-17 22:37:38 (UpdateVdSourceScheduleEventListener.java:34) - WGLFFD21A080HWF::=============== Start UpdateVdSourceScheduleEventListener ==================
 INFO 2021-12-17 22:37:38 (UpdateVdSourceScheduleEventListener.java:48) - WGLFFD21A080HWF::Request Inquiry Info :{"schedule":"2021-12-17","scheduleYN":"Y","status":"500"}
 INFO 2021-12-17 22:37:38 (UpdateVdSourceScheduleEventListener.java:50) - WGLFFD21A080HWF::Response Inquiry Info :[]
 INFO 2021-12-17 22:38:38 (UpdateVdSourceScheduleEventListener.java:34) - WGLFFD21A080HWF::=============== Start UpdateVdSourceScheduleEventListener ==================
 INFO 2021-12-17 22:38:38 (UpdateVdSourceScheduleEventListener.java:48) - WGLFFD21A080HWF::Request Inquiry Info :{"schedule":"2021-12-17","scheduleYN":"Y","status":"500"}
 INFO 2021-12-17 22:38:38 (UpdateVdSourceScheduleEventListener.java:50) - WGLFFD21A080HWF::Response Inquiry Info :[]
 INFO 2021-12-17 22:39:38 (UpdateVdSourceScheduleEventListener.java:34) - WGLFFD21A080HWF::=============== Start UpdateVdSourceScheduleEventListener ==================
 INFO 2021-12-17 22:39:38 (UpdateVdSourceScheduleEventListener.java:48) - WGLFFD21A080HWF::Request Inquiry Info :{"schedule":"2021-12-17","scheduleYN":"Y","status":"500"}
 INFO 2021-12-17 22:39:38 (UpdateVdSourceScheduleEventListener.java:50) - WGLFFD21A080HWF::Response Inquiry Info :[]
 INFO 2021-12-17 22:40:38 (UpdateVdSourceScheduleEventListener.java:34) - WGLFFD21A080HWF::=============== Start UpdateVdSourceScheduleEventListener ==================
 INFO 2021-12-17 22:40:38 (UpdateVdSourceScheduleEventListener.java:48) - WGLFFD21A080HWF::Request Inquiry Info :{"schedule":"2021-12-17","scheduleYN":"Y","status":"500"}
 INFO 2021-12-17 22:40:38 (UpdateVdSourceScheduleEventListener.java:50) - WGLFFD21A080HWF::Response Inquiry Info :[]
 INFO 2021-12-17 22:41:38 (UpdateVdSourceScheduleEventListener.java:34) - WGLFFD21A080HWF::=============== Start UpdateVdSourceScheduleEventListener ==================
 INFO 2021-12-17 22:41:38 (UpdateVdSourceScheduleEventListener.java:48) - WGLFFD21A080HWF::Request Inquiry Info :{"schedule":"2021-12-17","scheduleYN":"Y","status":"500"}
 INFO 2021-12-17 22:41:38 (UpdateVdSourceScheduleEventListener.java:50) - WGLFFD21A080HWF::Response Inquiry Info :[]
 INFO 2021-12-17 22:42:38 (UpdateVdSourceScheduleEventListener.java:34) - WGLFFD21A080HWF::=============== Start UpdateVdSourceScheduleEventListener ==================
 INFO 2021-12-17 22:42:38 (UpdateVdSourceScheduleEventListener.java:48) - WGLFFD21A080HWF::Request Inquiry Info :{"schedule":"2021-12-17","scheduleYN":"Y","status":"500"}
 INFO 2021-12-17 22:42:38 (UpdateVdSourceScheduleEventListener.java:50) - WGLFFD21A080HWF::Response Inquiry Info :[]
 INFO 2021-12-17 22:43:38 (UpdateVdSourceScheduleEventListener.java:34) - WGLFFD21A080HWF::=============== Start UpdateVdSourceScheduleEventListener ==================
 INFO 2021-12-17 22:43:38 (UpdateVdSourceScheduleEventListener.java:48) - WGLFFD21A080HWF::Request Inquiry Info :{"schedule":"2021-12-17","scheduleYN":"Y","status":"500"}
 INFO 2021-12-17 22:43:38 (UpdateVdSourceScheduleEventListener.java:50) - WGLFFD21A080HWF::Response Inquiry Info :[]
 INFO 2021-12-17 22:44:38 (UpdateVdSourceScheduleEventListener.java:34) - WGLFFD21A080HWF::=============== Start UpdateVdSourceScheduleEventListener ==================
 INFO 2021-12-17 22:44:38 (UpdateVdSourceScheduleEventListener.java:48) - WGLFFD21A080HWF::Request Inquiry Info :{"schedule":"2021-12-17","scheduleYN":"Y","status":"500"}
 INFO 2021-12-17 22:44:38 (UpdateVdSourceScheduleEventListener.java:50) - WGLFFD21A080HWF::Response Inquiry Info :[]
 INFO 2021-12-17 22:45:38 (UpdateVdSourceScheduleEventListener.java:34) - WGLFFD21A080HWF::=============== Start UpdateVdSourceScheduleEventListener ==================
 INFO 2021-12-17 22:45:38 (UpdateVdSourceScheduleEventListener.java:48) - WGLFFD21A080HWF::Request Inquiry Info :{"schedule":"2021-12-17","scheduleYN":"Y","status":"500"}
 INFO 2021-12-17 22:45:38 (UpdateVdSourceScheduleEventListener.java:50) - WGLFFD21A080HWF::Response Inquiry Info :[]
 INFO 2021-12-17 22:46:38 (UpdateVdSourceScheduleEventListener.java:34) - WGLFFD21A080HWF::=============== Start UpdateVdSourceScheduleEventListener ==================
 INFO 2021-12-17 22:46:38 (UpdateVdSourceScheduleEventListener.java:48) - WGLFFD21A080HWF::Request Inquiry Info :{"schedule":"2021-12-17","scheduleYN":"Y","status":"500"}
 INFO 2021-12-17 22:46:38 (UpdateVdSourceScheduleEventListener.java:50) - WGLFFD21A080HWF::Response Inquiry Info :[]
 INFO 2021-12-17 22:47:38 (UpdateVdSourceScheduleEventListener.java:34) - WGLFFD21A080HWF::=============== Start UpdateVdSourceScheduleEventListener ==================
 INFO 2021-12-17 22:47:38 (UpdateVdSourceScheduleEventListener.java:48) - WGLFFD21A080HWF::Request Inquiry Info :{"schedule":"2021-12-17","scheduleYN":"Y","status":"500"}
 INFO 2021-12-17 22:47:38 (UpdateVdSourceScheduleEventListener.java:50) - WGLFFD21A080HWF::Response Inquiry Info :[]
 INFO 2021-12-17 22:48:38 (UpdateVdSourceScheduleEventListener.java:34) - WGLFFD21A080HWF::=============== Start UpdateVdSourceScheduleEventListener ==================
 INFO 2021-12-17 22:48:38 (UpdateVdSourceScheduleEventListener.java:48) - WGLFFD21A080HWF::Request Inquiry Info :{"schedule":"2021-12-17","scheduleYN":"Y","status":"500"}
 INFO 2021-12-17 22:48:38 (UpdateVdSourceScheduleEventListener.java:50) - WGLFFD21A080HWF::Response Inquiry Info :[]
 INFO 2021-12-17 22:49:38 (UpdateVdSourceScheduleEventListener.java:34) - WGLFFD21A080HWF::=============== Start UpdateVdSourceScheduleEventListener ==================
 INFO 2021-12-17 22:49:38 (UpdateVdSourceScheduleEventListener.java:48) - WGLFFD21A080HWF::Request Inquiry Info :{"schedule":"2021-12-17","scheduleYN":"Y","status":"500"}
 INFO 2021-12-17 22:49:38 (UpdateVdSourceScheduleEventListener.java:50) - WGLFFD21A080HWF::Response Inquiry Info :[]
 INFO 2021-12-17 22:50:38 (UpdateVdSourceScheduleEventListener.java:34) - WGLFFD21A080HWF::=============== Start UpdateVdSourceScheduleEventListener ==================
 INFO 2021-12-17 22:50:38 (UpdateVdSourceScheduleEventListener.java:48) - WGLFFD21A080HWF::Request Inquiry Info :{"schedule":"2021-12-17","scheduleYN":"Y","status":"500"}
 INFO 2021-12-17 22:50:38 (UpdateVdSourceScheduleEventListener.java:50) - WGLFFD21A080HWF::Response Inquiry Info :[]
 INFO 2021-12-17 22:51:38 (UpdateVdSourceScheduleEventListener.java:34) - WGLFFD21A080HWF::=============== Start UpdateVdSourceScheduleEventListener ==================
 INFO 2021-12-17 22:51:38 (UpdateVdSourceScheduleEventListener.java:48) - WGLFFD21A080HWF::Request Inquiry Info :{"schedule":"2021-12-17","scheduleYN":"Y","status":"500"}
 INFO 2021-12-17 22:51:38 (UpdateVdSourceScheduleEventListener.java:50) - WGLFFD21A080HWF::Response Inquiry Info :[]
 INFO 2021-12-17 22:52:38 (UpdateVdSourceScheduleEventListener.java:34) - WGLFFD21A080HWF::=============== Start UpdateVdSourceScheduleEventListener ==================
 INFO 2021-12-17 22:52:38 (UpdateVdSourceScheduleEventListener.java:48) - WGLFFD21A080HWF::Request Inquiry Info :{"schedule":"2021-12-17","scheduleYN":"Y","status":"500"}
 INFO 2021-12-17 22:52:38 (UpdateVdSourceScheduleEventListener.java:50) - WGLFFD21A080HWF::Response Inquiry Info :[]
 INFO 2021-12-17 22:53:38 (UpdateVdSourceScheduleEventListener.java:34) - WGLFFD21A080HWF::=============== Start UpdateVdSourceScheduleEventListener ==================
 INFO 2021-12-17 22:53:38 (UpdateVdSourceScheduleEventListener.java:48) - WGLFFD21A080HWF::Request Inquiry Info :{"schedule":"2021-12-17","scheduleYN":"Y","status":"500"}
 INFO 2021-12-17 22:53:38 (UpdateVdSourceScheduleEventListener.java:50) - WGLFFD21A080HWF::Response Inquiry Info :[]
 INFO 2021-12-17 22:54:38 (UpdateVdSourceScheduleEventListener.java:34) - WGLFFD21A080HWF::=============== Start UpdateVdSourceScheduleEventListener ==================
 INFO 2021-12-17 22:54:38 (UpdateVdSourceScheduleEventListener.java:48) - WGLFFD21A080HWF::Request Inquiry Info :{"schedule":"2021-12-17","scheduleYN":"Y","status":"500"}
 INFO 2021-12-17 22:54:38 (UpdateVdSourceScheduleEventListener.java:50) - WGLFFD21A080HWF::Response Inquiry Info :[]
 INFO 2021-12-17 22:55:38 (UpdateVdSourceScheduleEventListener.java:34) - WGLFFD21A080HWF::=============== Start UpdateVdSourceScheduleEventListener ==================
 INFO 2021-12-17 22:55:38 (UpdateVdSourceScheduleEventListener.java:48) - WGLFFD21A080HWF::Request Inquiry Info :{"schedule":"2021-12-17","scheduleYN":"Y","status":"500"}
 INFO 2021-12-17 22:55:38 (UpdateVdSourceScheduleEventListener.java:50) - WGLFFD21A080HWF::Response Inquiry Info :[]
 INFO 2021-12-17 22:56:38 (UpdateVdSourceScheduleEventListener.java:34) - WGLFFD21A080HWF::=============== Start UpdateVdSourceScheduleEventListener ==================
 INFO 2021-12-17 22:56:38 (UpdateVdSourceScheduleEventListener.java:48) - WGLFFD21A080HWF::Request Inquiry Info :{"schedule":"2021-12-17","scheduleYN":"Y","status":"500"}
 INFO 2021-12-17 22:56:38 (UpdateVdSourceScheduleEventListener.java:50) - WGLFFD21A080HWF::Response Inquiry Info :[]
 INFO 2021-12-17 22:57:38 (UpdateVdSourceScheduleEventListener.java:34) - WGLFFD21A080HWF::=============== Start UpdateVdSourceScheduleEventListener ==================
 INFO 2021-12-17 22:57:38 (UpdateVdSourceScheduleEventListener.java:48) - WGLFFD21A080HWF::Request Inquiry Info :{"schedule":"2021-12-17","scheduleYN":"Y","status":"500"}
 INFO 2021-12-17 22:57:38 (UpdateVdSourceScheduleEventListener.java:50) - WGLFFD21A080HWF::Response Inquiry Info :[]
 INFO 2021-12-17 22:58:38 (UpdateVdSourceScheduleEventListener.java:34) - WGLFFD21A080HWF::=============== Start UpdateVdSourceScheduleEventListener ==================
 INFO 2021-12-17 22:58:38 (UpdateVdSourceScheduleEventListener.java:48) - WGLFFD21A080HWF::Request Inquiry Info :{"schedule":"2021-12-17","scheduleYN":"Y","status":"500"}
 INFO 2021-12-17 22:58:38 (UpdateVdSourceScheduleEventListener.java:50) - WGLFFD21A080HWF::Response Inquiry Info :[]
 INFO 2021-12-17 22:59:38 (UpdateVdSourceScheduleEventListener.java:34) - WGLFFD21A080HWF::=============== Start UpdateVdSourceScheduleEventListener ==================
 INFO 2021-12-17 22:59:38 (UpdateVdSourceScheduleEventListener.java:48) - WGLFFD21A080HWF::Request Inquiry Info :{"schedule":"2021-12-17","scheduleYN":"Y","status":"500"}
 INFO 2021-12-17 22:59:38 (UpdateVdSourceScheduleEventListener.java:50) - WGLFFD21A080HWF::Response Inquiry Info :[]
 INFO 2021-12-17 23:00:38 (UpdateVdSourceScheduleEventListener.java:34) - WGLFFD21A080HWF::=============== Start UpdateVdSourceScheduleEventListener ==================
 INFO 2021-12-17 23:00:38 (UpdateVdSourceScheduleEventListener.java:48) - WGLFFD21A080HWF::Request Inquiry Info :{"schedule":"2021-12-17","scheduleYN":"Y","status":"500"}
 INFO 2021-12-17 23:00:38 (UpdateVdSourceScheduleEventListener.java:50) - WGLFFD21A080HWF::Response Inquiry Info :[]
 INFO 2021-12-17 23:01:38 (UpdateVdSourceScheduleEventListener.java:34) - WGLFFD21A080HWF::=============== Start UpdateVdSourceScheduleEventListener ==================
 INFO 2021-12-17 23:01:38 (UpdateVdSourceScheduleEventListener.java:48) - WGLFFD21A080HWF::Request Inquiry Info :{"schedule":"2021-12-17","scheduleYN":"Y","status":"500"}
 INFO 2021-12-17 23:01:38 (UpdateVdSourceScheduleEventListener.java:50) - WGLFFD21A080HWF::Response Inquiry Info :[]
 INFO 2021-12-17 23:02:38 (UpdateVdSourceScheduleEventListener.java:34) - WGLFFD21A080HWF::=============== Start UpdateVdSourceScheduleEventListener ==================
 INFO 2021-12-17 23:02:38 (UpdateVdSourceScheduleEventListener.java:48) - WGLFFD21A080HWF::Request Inquiry Info :{"schedule":"2021-12-17","scheduleYN":"Y","status":"500"}
 INFO 2021-12-17 23:02:38 (UpdateVdSourceScheduleEventListener.java:50) - WGLFFD21A080HWF::Response Inquiry Info :[]
 INFO 2021-12-17 23:03:38 (UpdateVdSourceScheduleEventListener.java:34) - WGLFFD21A080HWF::=============== Start UpdateVdSourceScheduleEventListener ==================
 INFO 2021-12-17 23:03:38 (UpdateVdSourceScheduleEventListener.java:48) - WGLFFD21A080HWF::Request Inquiry Info :{"schedule":"2021-12-17","scheduleYN":"Y","status":"500"}
 INFO 2021-12-17 23:03:38 (UpdateVdSourceScheduleEventListener.java:50) - WGLFFD21A080HWF::Response Inquiry Info :[]
 INFO 2021-12-17 23:04:38 (UpdateVdSourceScheduleEventListener.java:34) - WGLFFD21A080HWF::=============== Start UpdateVdSourceScheduleEventListener ==================
 INFO 2021-12-17 23:04:38 (UpdateVdSourceScheduleEventListener.java:48) - WGLFFD21A080HWF::Request Inquiry Info :{"schedule":"2021-12-17","scheduleYN":"Y","status":"500"}
 INFO 2021-12-17 23:04:38 (UpdateVdSourceScheduleEventListener.java:50) - WGLFFD21A080HWF::Response Inquiry Info :[]
 INFO 2021-12-17 23:05:38 (UpdateVdSourceScheduleEventListener.java:34) - WGLFFD21A080HWF::=============== Start UpdateVdSourceScheduleEventListener ==================
 INFO 2021-12-17 23:05:38 (UpdateVdSourceScheduleEventListener.java:48) - WGLFFD21A080HWF::Request Inquiry Info :{"schedule":"2021-12-17","scheduleYN":"Y","status":"500"}
 INFO 2021-12-17 23:05:38 (UpdateVdSourceScheduleEventListener.java:50) - WGLFFD21A080HWF::Response Inquiry Info :[]
 INFO 2021-12-17 23:06:38 (UpdateVdSourceScheduleEventListener.java:34) - WGLFFD21A080HWF::=============== Start UpdateVdSourceScheduleEventListener ==================
 INFO 2021-12-17 23:06:38 (UpdateVdSourceScheduleEventListener.java:48) - WGLFFD21A080HWF::Request Inquiry Info :{"schedule":"2021-12-17","scheduleYN":"Y","status":"500"}
 INFO 2021-12-17 23:06:38 (UpdateVdSourceScheduleEventListener.java:50) - WGLFFD21A080HWF::Response Inquiry Info :[]
 INFO 2021-12-17 23:07:38 (UpdateVdSourceScheduleEventListener.java:34) - WGLFFD21A080HWF::=============== Start UpdateVdSourceScheduleEventListener ==================
 INFO 2021-12-17 23:07:38 (UpdateVdSourceScheduleEventListener.java:48) - WGLFFD21A080HWF::Request Inquiry Info :{"schedule":"2021-12-17","scheduleYN":"Y","status":"500"}
 INFO 2021-12-17 23:07:38 (UpdateVdSourceScheduleEventListener.java:50) - WGLFFD21A080HWF::Response Inquiry Info :[]
 INFO 2021-12-17 23:08:38 (UpdateVdSourceScheduleEventListener.java:34) - WGLFFD21A080HWF::=============== Start UpdateVdSourceScheduleEventListener ==================
 INFO 2021-12-17 23:08:38 (UpdateVdSourceScheduleEventListener.java:48) - WGLFFD21A080HWF::Request Inquiry Info :{"schedule":"2021-12-17","scheduleYN":"Y","status":"500"}
 INFO 2021-12-17 23:08:38 (UpdateVdSourceScheduleEventListener.java:50) - WGLFFD21A080HWF::Response Inquiry Info :[]
 INFO 2021-12-17 23:09:38 (UpdateVdSourceScheduleEventListener.java:34) - WGLFFD21A080HWF::=============== Start UpdateVdSourceScheduleEventListener ==================
 INFO 2021-12-17 23:09:38 (UpdateVdSourceScheduleEventListener.java:48) - WGLFFD21A080HWF::Request Inquiry Info :{"schedule":"2021-12-17","scheduleYN":"Y","status":"500"}
 INFO 2021-12-17 23:09:38 (UpdateVdSourceScheduleEventListener.java:50) - WGLFFD21A080HWF::Response Inquiry Info :[]
 INFO 2021-12-17 23:10:38 (UpdateVdSourceScheduleEventListener.java:34) - WGLFFD21A080HWF::=============== Start UpdateVdSourceScheduleEventListener ==================
 INFO 2021-12-17 23:10:38 (UpdateVdSourceScheduleEventListener.java:48) - WGLFFD21A080HWF::Request Inquiry Info :{"schedule":"2021-12-17","scheduleYN":"Y","status":"500"}
 INFO 2021-12-17 23:10:38 (UpdateVdSourceScheduleEventListener.java:50) - WGLFFD21A080HWF::Response Inquiry Info :[]
 INFO 2021-12-17 23:11:38 (UpdateVdSourceScheduleEventListener.java:34) - WGLFFD21A080HWF::=============== Start UpdateVdSourceScheduleEventListener ==================
 INFO 2021-12-17 23:11:38 (UpdateVdSourceScheduleEventListener.java:48) - WGLFFD21A080HWF::Request Inquiry Info :{"schedule":"2021-12-17","scheduleYN":"Y","status":"500"}
 INFO 2021-12-17 23:11:38 (UpdateVdSourceScheduleEventListener.java:50) - WGLFFD21A080HWF::Response Inquiry Info :[]
 INFO 2021-12-17 23:12:38 (UpdateVdSourceScheduleEventListener.java:34) - WGLFFD21A080HWF::=============== Start UpdateVdSourceScheduleEventListener ==================
 INFO 2021-12-17 23:12:38 (UpdateVdSourceScheduleEventListener.java:48) - WGLFFD21A080HWF::Request Inquiry Info :{"schedule":"2021-12-17","scheduleYN":"Y","status":"500"}
 INFO 2021-12-17 23:12:38 (UpdateVdSourceScheduleEventListener.java:50) - WGLFFD21A080HWF::Response Inquiry Info :[]
 INFO 2021-12-17 23:13:38 (UpdateVdSourceScheduleEventListener.java:34) - WGLFFD21A080HWF::=============== Start UpdateVdSourceScheduleEventListener ==================
 INFO 2021-12-17 23:13:38 (UpdateVdSourceScheduleEventListener.java:48) - WGLFFD21A080HWF::Request Inquiry Info :{"schedule":"2021-12-17","scheduleYN":"Y","status":"500"}
 INFO 2021-12-17 23:13:38 (UpdateVdSourceScheduleEventListener.java:50) - WGLFFD21A080HWF::Response Inquiry Info :[]
 INFO 2021-12-17 23:14:38 (UpdateVdSourceScheduleEventListener.java:34) - WGLFFD21A080HWF::=============== Start UpdateVdSourceScheduleEventListener ==================
 INFO 2021-12-17 23:14:38 (UpdateVdSourceScheduleEventListener.java:48) - WGLFFD21A080HWF::Request Inquiry Info :{"schedule":"2021-12-17","scheduleYN":"Y","status":"500"}
 INFO 2021-12-17 23:14:38 (UpdateVdSourceScheduleEventListener.java:50) - WGLFFD21A080HWF::Response Inquiry Info :[]
 INFO 2021-12-17 23:15:38 (UpdateVdSourceScheduleEventListener.java:34) - WGLFFD21A080HWF::=============== Start UpdateVdSourceScheduleEventListener ==================
 INFO 2021-12-17 23:15:38 (UpdateVdSourceScheduleEventListener.java:48) - WGLFFD21A080HWF::Request Inquiry Info :{"schedule":"2021-12-17","scheduleYN":"Y","status":"500"}
 INFO 2021-12-17 23:15:38 (UpdateVdSourceScheduleEventListener.java:50) - WGLFFD21A080HWF::Response Inquiry Info :[]
 INFO 2021-12-17 23:16:38 (UpdateVdSourceScheduleEventListener.java:34) - WGLFFD21A080HWF::=============== Start UpdateVdSourceScheduleEventListener ==================
 INFO 2021-12-17 23:16:38 (UpdateVdSourceScheduleEventListener.java:48) - WGLFFD21A080HWF::Request Inquiry Info :{"schedule":"2021-12-17","scheduleYN":"Y","status":"500"}
 INFO 2021-12-17 23:16:38 (UpdateVdSourceScheduleEventListener.java:50) - WGLFFD21A080HWF::Response Inquiry Info :[]
 INFO 2021-12-17 23:17:38 (UpdateVdSourceScheduleEventListener.java:34) - WGLFFD21A080HWF::=============== Start UpdateVdSourceScheduleEventListener ==================
 INFO 2021-12-17 23:17:38 (UpdateVdSourceScheduleEventListener.java:48) - WGLFFD21A080HWF::Request Inquiry Info :{"schedule":"2021-12-17","scheduleYN":"Y","status":"500"}
 INFO 2021-12-17 23:17:38 (UpdateVdSourceScheduleEventListener.java:50) - WGLFFD21A080HWF::Response Inquiry Info :[]
 INFO 2021-12-17 23:18:38 (UpdateVdSourceScheduleEventListener.java:34) - WGLFFD21A080HWF::=============== Start UpdateVdSourceScheduleEventListener ==================
 INFO 2021-12-17 23:18:38 (UpdateVdSourceScheduleEventListener.java:48) - WGLFFD21A080HWF::Request Inquiry Info :{"schedule":"2021-12-17","scheduleYN":"Y","status":"500"}
 INFO 2021-12-17 23:18:38 (UpdateVdSourceScheduleEventListener.java:50) - WGLFFD21A080HWF::Response Inquiry Info :[]
 INFO 2021-12-17 23:19:38 (UpdateVdSourceScheduleEventListener.java:34) - WGLFFD21A080HWF::=============== Start UpdateVdSourceScheduleEventListener ==================
 INFO 2021-12-17 23:19:38 (UpdateVdSourceScheduleEventListener.java:48) - WGLFFD21A080HWF::Request Inquiry Info :{"schedule":"2021-12-17","scheduleYN":"Y","status":"500"}
 INFO 2021-12-17 23:19:38 (UpdateVdSourceScheduleEventListener.java:50) - WGLFFD21A080HWF::Response Inquiry Info :[]
 INFO 2021-12-17 23:20:38 (UpdateVdSourceScheduleEventListener.java:34) - WGLFFD21A080HWF::=============== Start UpdateVdSourceScheduleEventListener ==================
 INFO 2021-12-17 23:20:38 (UpdateVdSourceScheduleEventListener.java:48) - WGLFFD21A080HWF::Request Inquiry Info :{"schedule":"2021-12-17","scheduleYN":"Y","status":"500"}
 INFO 2021-12-17 23:20:38 (UpdateVdSourceScheduleEventListener.java:50) - WGLFFD21A080HWF::Response Inquiry Info :[]
 INFO 2021-12-17 23:21:38 (UpdateVdSourceScheduleEventListener.java:34) - WGLFFD21A080HWF::=============== Start UpdateVdSourceScheduleEventListener ==================
 INFO 2021-12-17 23:21:38 (UpdateVdSourceScheduleEventListener.java:48) - WGLFFD21A080HWF::Request Inquiry Info :{"schedule":"2021-12-17","scheduleYN":"Y","status":"500"}
 INFO 2021-12-17 23:21:38 (UpdateVdSourceScheduleEventListener.java:50) - WGLFFD21A080HWF::Response Inquiry Info :[]
 INFO 2021-12-17 23:22:38 (UpdateVdSourceScheduleEventListener.java:34) - WGLFFD21A080HWF::=============== Start UpdateVdSourceScheduleEventListener ==================
 INFO 2021-12-17 23:22:38 (UpdateVdSourceScheduleEventListener.java:48) - WGLFFD21A080HWF::Request Inquiry Info :{"schedule":"2021-12-17","scheduleYN":"Y","status":"500"}
 INFO 2021-12-17 23:22:38 (UpdateVdSourceScheduleEventListener.java:50) - WGLFFD21A080HWF::Response Inquiry Info :[]
 INFO 2021-12-17 23:23:38 (UpdateVdSourceScheduleEventListener.java:34) - WGLFFD21A080HWF::=============== Start UpdateVdSourceScheduleEventListener ==================
 INFO 2021-12-17 23:23:38 (UpdateVdSourceScheduleEventListener.java:48) - WGLFFD21A080HWF::Request Inquiry Info :{"schedule":"2021-12-17","scheduleYN":"Y","status":"500"}
 INFO 2021-12-17 23:23:38 (UpdateVdSourceScheduleEventListener.java:50) - WGLFFD21A080HWF::Response Inquiry Info :[]
 INFO 2021-12-17 23:24:38 (UpdateVdSourceScheduleEventListener.java:34) - WGLFFD21A080HWF::=============== Start UpdateVdSourceScheduleEventListener ==================
 INFO 2021-12-17 23:24:38 (UpdateVdSourceScheduleEventListener.java:48) - WGLFFD21A080HWF::Request Inquiry Info :{"schedule":"2021-12-17","scheduleYN":"Y","status":"500"}
 INFO 2021-12-17 23:24:38 (UpdateVdSourceScheduleEventListener.java:50) - WGLFFD21A080HWF::Response Inquiry Info :[]
 INFO 2021-12-17 23:25:38 (UpdateVdSourceScheduleEventListener.java:34) - WGLFFD21A080HWF::=============== Start UpdateVdSourceScheduleEventListener ==================
 INFO 2021-12-17 23:25:38 (UpdateVdSourceScheduleEventListener.java:48) - WGLFFD21A080HWF::Request Inquiry Info :{"schedule":"2021-12-17","scheduleYN":"Y","status":"500"}
 INFO 2021-12-17 23:25:38 (UpdateVdSourceScheduleEventListener.java:50) - WGLFFD21A080HWF::Response Inquiry Info :[]
 INFO 2021-12-17 23:26:38 (UpdateVdSourceScheduleEventListener.java:34) - WGLFFD21A080HWF::=============== Start UpdateVdSourceScheduleEventListener ==================
 INFO 2021-12-17 23:26:38 (UpdateVdSourceScheduleEventListener.java:48) - WGLFFD21A080HWF::Request Inquiry Info :{"schedule":"2021-12-17","scheduleYN":"Y","status":"500"}
 INFO 2021-12-17 23:26:38 (UpdateVdSourceScheduleEventListener.java:50) - WGLFFD21A080HWF::Response Inquiry Info :[]
 INFO 2021-12-17 23:27:38 (UpdateVdSourceScheduleEventListener.java:34) - WGLFFD21A080HWF::=============== Start UpdateVdSourceScheduleEventListener ==================
 INFO 2021-12-17 23:27:38 (UpdateVdSourceScheduleEventListener.java:48) - WGLFFD21A080HWF::Request Inquiry Info :{"schedule":"2021-12-17","scheduleYN":"Y","status":"500"}
 INFO 2021-12-17 23:27:38 (UpdateVdSourceScheduleEventListener.java:50) - WGLFFD21A080HWF::Response Inquiry Info :[]
 INFO 2021-12-17 23:28:38 (UpdateVdSourceScheduleEventListener.java:34) - WGLFFD21A080HWF::=============== Start UpdateVdSourceScheduleEventListener ==================
 INFO 2021-12-17 23:28:38 (UpdateVdSourceScheduleEventListener.java:48) - WGLFFD21A080HWF::Request Inquiry Info :{"schedule":"2021-12-17","scheduleYN":"Y","status":"500"}
 INFO 2021-12-17 23:28:38 (UpdateVdSourceScheduleEventListener.java:50) - WGLFFD21A080HWF::Response Inquiry Info :[]
 INFO 2021-12-17 23:29:38 (UpdateVdSourceScheduleEventListener.java:34) - WGLFFD21A080HWF::=============== Start UpdateVdSourceScheduleEventListener ==================
 INFO 2021-12-17 23:29:38 (UpdateVdSourceScheduleEventListener.java:48) - WGLFFD21A080HWF::Request Inquiry Info :{"schedule":"2021-12-17","scheduleYN":"Y","status":"500"}
 INFO 2021-12-17 23:29:38 (UpdateVdSourceScheduleEventListener.java:50) - WGLFFD21A080HWF::Response Inquiry Info :[]
 INFO 2021-12-17 23:30:38 (UpdateVdSourceScheduleEventListener.java:34) - WGLFFD21A080HWF::=============== Start UpdateVdSourceScheduleEventListener ==================
 INFO 2021-12-17 23:30:38 (UpdateVdSourceScheduleEventListener.java:48) - WGLFFD21A080HWF::Request Inquiry Info :{"schedule":"2021-12-17","scheduleYN":"Y","status":"500"}
 INFO 2021-12-17 23:30:38 (UpdateVdSourceScheduleEventListener.java:50) - WGLFFD21A080HWF::Response Inquiry Info :[]
 INFO 2021-12-17 23:31:38 (UpdateVdSourceScheduleEventListener.java:34) - WGLFFD21A080HWF::=============== Start UpdateVdSourceScheduleEventListener ==================
 INFO 2021-12-17 23:31:38 (UpdateVdSourceScheduleEventListener.java:48) - WGLFFD21A080HWF::Request Inquiry Info :{"schedule":"2021-12-17","scheduleYN":"Y","status":"500"}
 INFO 2021-12-17 23:31:38 (UpdateVdSourceScheduleEventListener.java:50) - WGLFFD21A080HWF::Response Inquiry Info :[]
 INFO 2021-12-17 23:32:38 (UpdateVdSourceScheduleEventListener.java:34) - WGLFFD21A080HWF::=============== Start UpdateVdSourceScheduleEventListener ==================
 INFO 2021-12-17 23:32:38 (UpdateVdSourceScheduleEventListener.java:48) - WGLFFD21A080HWF::Request Inquiry Info :{"schedule":"2021-12-17","scheduleYN":"Y","status":"500"}
 INFO 2021-12-17 23:32:38 (UpdateVdSourceScheduleEventListener.java:50) - WGLFFD21A080HWF::Response Inquiry Info :[]
 INFO 2021-12-17 23:33:38 (UpdateVdSourceScheduleEventListener.java:34) - WGLFFD21A080HWF::=============== Start UpdateVdSourceScheduleEventListener ==================
 INFO 2021-12-17 23:33:38 (UpdateVdSourceScheduleEventListener.java:48) - WGLFFD21A080HWF::Request Inquiry Info :{"schedule":"2021-12-17","scheduleYN":"Y","status":"500"}
 INFO 2021-12-17 23:33:38 (UpdateVdSourceScheduleEventListener.java:50) - WGLFFD21A080HWF::Response Inquiry Info :[]
 INFO 2021-12-17 23:34:38 (UpdateVdSourceScheduleEventListener.java:34) - WGLFFD21A080HWF::=============== Start UpdateVdSourceScheduleEventListener ==================
 INFO 2021-12-17 23:34:38 (UpdateVdSourceScheduleEventListener.java:48) - WGLFFD21A080HWF::Request Inquiry Info :{"schedule":"2021-12-17","scheduleYN":"Y","status":"500"}
 INFO 2021-12-17 23:34:38 (UpdateVdSourceScheduleEventListener.java:50) - WGLFFD21A080HWF::Response Inquiry Info :[]
 INFO 2021-12-17 23:35:38 (UpdateVdSourceScheduleEventListener.java:34) - WGLFFD21A080HWF::=============== Start UpdateVdSourceScheduleEventListener ==================
 INFO 2021-12-17 23:35:38 (UpdateVdSourceScheduleEventListener.java:48) - WGLFFD21A080HWF::Request Inquiry Info :{"schedule":"2021-12-17","scheduleYN":"Y","status":"500"}
 INFO 2021-12-17 23:35:38 (UpdateVdSourceScheduleEventListener.java:50) - WGLFFD21A080HWF::Response Inquiry Info :[]
 INFO 2021-12-17 23:36:38 (UpdateVdSourceScheduleEventListener.java:34) - WGLFFD21A080HWF::=============== Start UpdateVdSourceScheduleEventListener ==================
 INFO 2021-12-17 23:36:38 (UpdateVdSourceScheduleEventListener.java:48) - WGLFFD21A080HWF::Request Inquiry Info :{"schedule":"2021-12-17","scheduleYN":"Y","status":"500"}
 INFO 2021-12-17 23:36:38 (UpdateVdSourceScheduleEventListener.java:50) - WGLFFD21A080HWF::Response Inquiry Info :[]
 INFO 2021-12-17 23:37:38 (UpdateVdSourceScheduleEventListener.java:34) - WGLFFD21A080HWF::=============== Start UpdateVdSourceScheduleEventListener ==================
 INFO 2021-12-17 23:37:38 (UpdateVdSourceScheduleEventListener.java:48) - WGLFFD21A080HWF::Request Inquiry Info :{"schedule":"2021-12-17","scheduleYN":"Y","status":"500"}
 INFO 2021-12-17 23:37:38 (UpdateVdSourceScheduleEventListener.java:50) - WGLFFD21A080HWF::Response Inquiry Info :[]
